Found 53 subjects
Running 15 subjects in parallel
[Sun Nov 16 12:11:44 AM CST 2025] Starting subject: 020
[Sun Nov 16 12:23:12 AM CST 2025] Completed subject: 020
[Sun Nov 16 12:11:44 AM CST 2025] Starting subject: 011
[Sun Nov 16 12:23:20 AM CST 2025] Completed subject: 011
[Sun Nov 16 12:11:44 AM CST 2025] Starting subject: 001
[Sun Nov 16 12:23:22 AM CST 2025] Completed subject: 001
[Sun Nov 16 12:11:44 AM CST 2025] Starting subject: 013
[Sun Nov 16 12:23:30 AM CST 2025] Completed subject: 013
[Sun Nov 16 12:11:44 AM CST 2025] Starting subject: 003
[Sun Nov 16 12:23:30 AM CST 2025] Completed subject: 003
[Sun Nov 16 12:11:44 AM CST 2025] Starting subject: 007
[Sun Nov 16 12:23:41 AM CST 2025] Completed subject: 007
[Sun Nov 16 12:11:44 AM CST 2025] Starting subject: 005
[Sun Nov 16 12:23:43 AM CST 2025] Completed subject: 005
[Sun Nov 16 12:11:44 AM CST 2025] Starting subject: 010
[Sun Nov 16 12:23:43 AM CST 2025] Completed subject: 010
[Sun Nov 16 12:11:44 AM CST 2025] Starting subject: 014
[Sun Nov 16 12:23:46 AM CST 2025] Completed subject: 014
[Sun Nov 16 12:11:44 AM CST 2025] Starting subject: 012
[Sun Nov 16 12:23:48 AM CST 2025] Completed subject: 012
[Sun Nov 16 12:11:44 AM CST 2025] Starting subject: 002
[Sun Nov 16 12:23:53 AM CST 2025] Completed subject: 002
[Sun Nov 16 12:11:44 AM CST 2025] Starting subject: 018
[Sun Nov 16 12:24:02 AM CST 2025] Completed subject: 018
[Sun Nov 16 12:11:44 AM CST 2025] Starting subject: 008
[Sun Nov 16 12:24:14 AM CST 2025] Completed subject: 008
[Sun Nov 16 12:11:44 AM CST 2025] Starting subject: 004
[Sun Nov 16 12:24:15 AM CST 2025] Completed subject: 004
[Sun Nov 16 12:11:44 AM CST 2025] Starting subject: 009
[Sun Nov 16 12:25:40 AM CST 2025] Completed subject: 009
[Sun Nov 16 12:23:43 AM CST 2025] Starting subject: 030
[Sun Nov 16 12:31:30 AM CST 2025] Completed subject: 030
[Sun Nov 16 12:23:22 AM CST 2025] Starting subject: 023
[Sun Nov 16 12:34:40 AM CST 2025] Completed subject: 023
[Sun Nov 16 12:23:30 AM CST 2025] Starting subject: 024
[Sun Nov 16 12:34:50 AM CST 2025] Completed subject: 024
[Sun Nov 16 12:23:46 AM CST 2025] Starting subject: 032
[Sun Nov 16 12:35:19 AM CST 2025] Completed subject: 032
[Sun Nov 16 12:23:48 AM CST 2025] Starting subject: 033
[Sun Nov 16 12:35:23 AM CST 2025] Completed subject: 033
[Sun Nov 16 12:23:53 AM CST 2025] Starting subject: 034
[Sun Nov 16 12:35:39 AM CST 2025] Completed subject: 034
[Sun Nov 16 12:23:43 AM CST 2025] Starting subject: 029
[Sun Nov 16 12:35:40 AM CST 2025] Completed subject: 029
[Sun Nov 16 12:24:15 AM CST 2025] Starting subject: 039
[Sun Nov 16 12:35:48 AM CST 2025] Completed subject: 039
[Sun Nov 16 12:24:14 AM CST 2025] Starting subject: 037
[Sun Nov 16 12:35:59 AM CST 2025] Completed subject: 037
[Sun Nov 16 12:23:21 AM CST 2025] Starting subject: 022
[Sun Nov 16 12:36:08 AM CST 2025] Completed subject: 022
[Sun Nov 16 12:23:12 AM CST 2025] Starting subject: 021
[Sun Nov 16 12:36:21 AM CST 2025] Completed subject: 021
[Sun Nov 16 12:23:30 AM CST 2025] Starting subject: 026
[Sun Nov 16 12:36:22 AM CST 2025] Completed subject: 026
[Sun Nov 16 12:24:02 AM CST 2025] Starting subject: 035
[Sun Nov 16 12:36:38 AM CST 2025] Completed subject: 035
[Sun Nov 16 12:23:41 AM CST 2025] Starting subject: 027
[Sun Nov 16 12:36:48 AM CST 2025] Completed subject: 027
[Sun Nov 16 12:25:40 AM CST 2025] Starting subject: 042
[Sun Nov 16 12:37:32 AM CST 2025] Completed subject: 042
[Sun Nov 16 12:31:30 AM CST 2025] Starting subject: 043
[Sun Nov 16 12:44:00 AM CST 2025] Completed subject: 043
[Sun Nov 16 12:34:50 AM CST 2025] Starting subject: 048
[Sun Nov 16 12:46:18 AM CST 2025] Completed subject: 048
[Sun Nov 16 12:34:40 AM CST 2025] Starting subject: 044
[Sun Nov 16 12:46:51 AM CST 2025] Completed subject: 044
[Sun Nov 16 12:35:19 AM CST 2025] Starting subject: 049
[Sun Nov 16 12:46:57 AM CST 2025] Completed subject: 049
[Sun Nov 16 12:35:48 AM CST 2025] Starting subject: 065
[Sun Nov 16 12:47:50 AM CST 2025] Completed subject: 065
[Sun Nov 16 12:36:08 AM CST 2025] Starting subject: 067
[Sun Nov 16 12:47:51 AM CST 2025] Completed subject: 067
[Sun Nov 16 12:35:23 AM CST 2025] Starting subject: 050
[Sun Nov 16 12:47:54 AM CST 2025] Completed subject: 050
[Sun Nov 16 12:36:38 AM CST 2025] Starting subject: 078
[Sun Nov 16 12:48:09 AM CST 2025] Completed subject: 078
[Sun Nov 16 12:36:21 AM CST 2025] Starting subject: 070
[Sun Nov 16 12:48:12 AM CST 2025] Completed subject: 070
[Sun Nov 16 12:36:22 AM CST 2025] Starting subject: 074
[Sun Nov 16 12:48:27 AM CST 2025] Completed subject: 074
[Sun Nov 16 12:35:59 AM CST 2025] Starting subject: 066
[Sun Nov 16 12:48:32 AM CST 2025] Completed subject: 066
[Sun Nov 16 12:35:40 AM CST 2025] Starting subject: 064
[Sun Nov 16 12:48:59 AM CST 2025] Completed subject: 064
[Sun Nov 16 12:36:48 AM CST 2025] Starting subject: 083
[Sun Nov 16 12:49:16 AM CST 2025] Completed subject: 083
[Sun Nov 16 12:35:39 AM CST 2025] Starting subject: 061
[Sun Nov 16 12:49:43 AM CST 2025] Completed subject: 061
[Sun Nov 16 12:37:32 AM CST 2025] Starting subject: 084
[Sun Nov 16 12:50:06 AM CST 2025] Completed subject: 084
[Sun Nov 16 12:44:00 AM CST 2025] Starting subject: 085
[Sun Nov 16 12:55:52 AM CST 2025] Completed subject: 085
[Sun Nov 16 12:46:18 AM CST 2025] Starting subject: 086
[Sun Nov 16 12:58:27 AM CST 2025] Completed subject: 086
[Sun Nov 16 12:46:57 AM CST 2025] Starting subject: 088
[Sun Nov 16 12:58:42 AM CST 2025] Completed subject: 088
[Sun Nov 16 12:46:51 AM CST 2025] Starting subject: 087
[Sun Nov 16 12:58:58 AM CST 2025] Completed subject: 087
[Sun Nov 16 12:47:54 AM CST 2025] Starting subject: 097
[Sun Nov 16 12:59:27 AM CST 2025] Completed subject: 097
[Sun Nov 16 12:47:50 AM CST 2025] Starting subject: 092
[Sun Nov 16 12:59:37 AM CST 2025] Completed subject: 092
[Sun Nov 16 12:48:09 AM CST 2025] Starting subject: 100
[Sun Nov 16 12:59:59 AM CST 2025] Completed subject: 100
[Sun Nov 16 12:47:51 AM CST 2025] Starting subject: 095
[Sun Nov 16 12:59:59 AM CST 2025] Completed subject: 095
All 53 subjects completed!
Found 54 subjects
Running 15 subjects in parallel
[Sun Nov 16 12:59:59 AM CST 2025] Starting subject: 011
[Sun Nov 16 01:11:31 AM CST 2025] Completed subject: 011
[Sun Nov 16 12:59:59 AM CST 2025] Starting subject: 001
[Sun Nov 16 01:11:36 AM CST 2025] Completed subject: 001
[Sun Nov 16 12:59:59 AM CST 2025] Starting subject: 003
[Sun Nov 16 01:11:41 AM CST 2025] Completed subject: 003
[Sun Nov 16 12:59:59 AM CST 2025] Starting subject: 013
[Sun Nov 16 01:11:43 AM CST 2025] Completed subject: 013
[Sun Nov 16 12:59:59 AM CST 2025] Starting subject: 007
[Sun Nov 16 01:11:50 AM CST 2025] Completed subject: 007
[Sun Nov 16 12:59:59 AM CST 2025] Starting subject: 005
[Sun Nov 16 01:11:53 AM CST 2025] Completed subject: 005
[Sun Nov 16 12:59:59 AM CST 2025] Starting subject: 010
[Sun Nov 16 01:11:53 AM CST 2025] Completed subject: 010
[Sun Nov 16 12:59:59 AM CST 2025] Starting subject: 014
[Sun Nov 16 01:11:57 AM CST 2025] Completed subject: 014
[Sun Nov 16 12:59:59 AM CST 2025] Starting subject: 012
[Sun Nov 16 01:11:59 AM CST 2025] Completed subject: 012
[Sun Nov 16 12:59:59 AM CST 2025] Starting subject: 002
[Sun Nov 16 01:12:01 AM CST 2025] Completed subject: 002
[Sun Nov 16 12:59:59 AM CST 2025] Starting subject: 018
[Sun Nov 16 01:12:14 AM CST 2025] Completed subject: 018
[Sun Nov 16 12:59:59 AM CST 2025] Starting subject: 019
[Sun Nov 16 01:12:26 AM CST 2025] Completed subject: 019
[Sun Nov 16 12:59:59 AM CST 2025] Starting subject: 004
[Sun Nov 16 01:12:28 AM CST 2025] Completed subject: 004
[Sun Nov 16 12:59:59 AM CST 2025] Starting subject: 008
[Sun Nov 16 01:13:02 AM CST 2025] Completed subject: 008
[Sun Nov 16 12:59:59 AM CST 2025] Starting subject: 009
[Sun Nov 16 01:13:34 AM CST 2025] Completed subject: 009
[Sun Nov 16 01:11:31 AM CST 2025] Starting subject: 020
[Sun Nov 16 01:23:04 AM CST 2025] Completed subject: 020
[Sun Nov 16 01:11:43 AM CST 2025] Starting subject: 023
[Sun Nov 16 01:23:04 AM CST 2025] Completed subject: 023
[Sun Nov 16 01:11:50 AM CST 2025] Starting subject: 024
[Sun Nov 16 01:23:07 AM CST 2025] Completed subject: 024
[Sun Nov 16 01:12:01 AM CST 2025] Starting subject: 032
[Sun Nov 16 01:23:33 AM CST 2025] Completed subject: 032
[Sun Nov 16 01:12:14 AM CST 2025] Starting subject: 033
[Sun Nov 16 01:23:48 AM CST 2025] Completed subject: 033
[Sun Nov 16 01:11:57 AM CST 2025] Starting subject: 029
[Sun Nov 16 01:24:02 AM CST 2025] Completed subject: 029
[Sun Nov 16 01:11:59 AM CST 2025] Starting subject: 030
[Sun Nov 16 01:24:07 AM CST 2025] Completed subject: 030
[Sun Nov 16 01:12:26 AM CST 2025] Starting subject: 034
[Sun Nov 16 01:24:13 AM CST 2025] Completed subject: 034
[Sun Nov 16 01:11:41 AM CST 2025] Starting subject: 022
[Sun Nov 16 01:24:37 AM CST 2025] Completed subject: 022
[Sun Nov 16 01:11:53 AM CST 2025] Starting subject: 027
[Sun Nov 16 01:24:44 AM CST 2025] Completed subject: 027
[Sun Nov 16 01:13:02 AM CST 2025] Starting subject: 037
[Sun Nov 16 01:24:46 AM CST 2025] Completed subject: 037
[Sun Nov 16 01:11:53 AM CST 2025] Starting subject: 026
[Sun Nov 16 01:24:46 AM CST 2025] Completed subject: 026
[Sun Nov 16 01:12:28 AM CST 2025] Starting subject: 035
[Sun Nov 16 01:25:03 AM CST 2025] Completed subject: 035
[Sun Nov 16 01:11:36 AM CST 2025] Starting subject: 021
[Sun Nov 16 01:25:08 AM CST 2025] Completed subject: 021
[Sun Nov 16 01:13:34 AM CST 2025] Starting subject: 039
[Sun Nov 16 01:25:18 AM CST 2025] Completed subject: 039
[Sun Nov 16 01:23:04 AM CST 2025] Starting subject: 042
[Sun Nov 16 01:34:51 AM CST 2025] Completed subject: 042
[Sun Nov 16 01:23:04 AM CST 2025] Starting subject: 040
[Sun Nov 16 01:35:16 AM CST 2025] Completed subject: 040
[Sun Nov 16 01:23:48 AM CST 2025] Starting subject: 048
[Sun Nov 16 01:35:21 AM CST 2025] Completed subject: 048
[Sun Nov 16 01:23:33 AM CST 2025] Starting subject: 044
[Sun Nov 16 01:35:24 AM CST 2025] Completed subject: 044
[Sun Nov 16 01:23:07 AM CST 2025] Starting subject: 043
[Sun Nov 16 01:35:40 AM CST 2025] Completed subject: 043
[Sun Nov 16 01:24:02 AM CST 2025] Starting subject: 049
[Sun Nov 16 01:35:41 AM CST 2025] Completed subject: 049
[Sun Nov 16 01:24:46 AM CST 2025] Starting subject: 067
[Sun Nov 16 01:36:23 AM CST 2025] Completed subject: 067
[Sun Nov 16 01:25:08 AM CST 2025] Starting subject: 078
[Sun Nov 16 01:36:39 AM CST 2025] Completed subject: 078
[Sun Nov 16 01:24:07 AM CST 2025] Starting subject: 050
[Sun Nov 16 01:36:40 AM CST 2025] Completed subject: 050
[Sun Nov 16 01:24:46 AM CST 2025] Starting subject: 070
[Sun Nov 16 01:36:49 AM CST 2025] Completed subject: 070
[Sun Nov 16 01:24:44 AM CST 2025] Starting subject: 066
[Sun Nov 16 01:37:05 AM CST 2025] Completed subject: 066
[Sun Nov 16 01:25:03 AM CST 2025] Starting subject: 074
[Sun Nov 16 01:37:11 AM CST 2025] Completed subject: 074
[Sun Nov 16 01:24:37 AM CST 2025] Starting subject: 065
[Sun Nov 16 01:37:16 AM CST 2025] Completed subject: 065
[Sun Nov 16 01:25:18 AM CST 2025] Starting subject: 083
[Sun Nov 16 01:37:50 AM CST 2025] Completed subject: 083
[Sun Nov 16 01:24:13 AM CST 2025] Starting subject: 061
[Sun Nov 16 01:38:18 AM CST 2025] Completed subject: 061
[Sun Nov 16 01:35:16 AM CST 2025] Starting subject: 085
[Sun Nov 16 01:47:08 AM CST 2025] Completed subject: 085
[Sun Nov 16 01:34:51 AM CST 2025] Starting subject: 084
[Sun Nov 16 01:47:22 AM CST 2025] Completed subject: 084
[Sun Nov 16 01:35:40 AM CST 2025] Starting subject: 088
[Sun Nov 16 01:47:26 AM CST 2025] Completed subject: 088
[Sun Nov 16 01:35:41 AM CST 2025] Starting subject: 092
[Sun Nov 16 01:47:28 AM CST 2025] Completed subject: 092
[Sun Nov 16 01:35:21 AM CST 2025] Starting subject: 086
[Sun Nov 16 01:47:33 AM CST 2025] Completed subject: 086
[Sun Nov 16 01:35:24 AM CST 2025] Starting subject: 087
[Sun Nov 16 01:47:49 AM CST 2025] Completed subject: 087
[Sun Nov 16 01:36:39 AM CST 2025] Starting subject: 097
[Sun Nov 16 01:48:28 AM CST 2025] Completed subject: 097
[Sun Nov 16 01:36:23 AM CST 2025] Starting subject: 095
[Sun Nov 16 01:48:31 AM CST 2025] Completed subject: 095
[Sun Nov 16 01:36:40 AM CST 2025] Starting subject: 100
[Sun Nov 16 01:48:31 AM CST 2025] Completed subject: 100
All 54 subjects completed!
Found 83 subjects
Running 15 subjects in parallel
[Sun Nov 16 01:48:31 AM CST 2025] Starting subject: 14027
[Sun Nov 16 01:59:21 AM CST 2025] Completed subject: 14027
[Sun Nov 16 01:48:31 AM CST 2025] Starting subject: 14031
[Sun Nov 16 01:59:34 AM CST 2025] Completed subject: 14031
[Sun Nov 16 01:48:31 AM CST 2025] Starting subject: 14080
[Sun Nov 16 01:59:44 AM CST 2025] Completed subject: 14080
[Sun Nov 16 01:48:31 AM CST 2025] Starting subject: 14076
[Sun Nov 16 01:59:46 AM CST 2025] Completed subject: 14076
[Sun Nov 16 01:48:31 AM CST 2025] Starting subject: 14079
[Sun Nov 16 02:00:10 AM CST 2025] Completed subject: 14079
[Sun Nov 16 01:48:31 AM CST 2025] Starting subject: 14057
[Sun Nov 16 02:00:14 AM CST 2025] Completed subject: 14057
[Sun Nov 16 01:48:31 AM CST 2025] Starting subject: 14054
[Sun Nov 16 02:00:36 AM CST 2025] Completed subject: 14054
[Sun Nov 16 01:48:31 AM CST 2025] Starting subject: 14064
[Sun Nov 16 02:00:41 AM CST 2025] Completed subject: 14064
[Sun Nov 16 01:48:31 AM CST 2025] Starting subject: 14008
[Sun Nov 16 02:00:49 AM CST 2025] Completed subject: 14008
[Sun Nov 16 01:48:31 AM CST 2025] Starting subject: 14017
[Sun Nov 16 02:01:04 AM CST 2025] Completed subject: 14017
[Sun Nov 16 01:48:31 AM CST 2025] Starting subject: 14087
[Sun Nov 16 02:01:08 AM CST 2025] Completed subject: 14087
[Sun Nov 16 01:48:31 AM CST 2025] Starting subject: 14041
[Sun Nov 16 02:01:13 AM CST 2025] Completed subject: 14041
[Sun Nov 16 01:48:31 AM CST 2025] Starting subject: 14011
[Sun Nov 16 02:01:34 AM CST 2025] Completed subject: 14011
[Sun Nov 16 01:48:31 AM CST 2025] Starting subject: 14083
[Sun Nov 16 02:02:12 AM CST 2025] Completed subject: 14083
[Sun Nov 16 01:48:31 AM CST 2025] Starting subject: 14006
[Sun Nov 16 02:02:16 AM CST 2025] Completed subject: 14006
[Sun Nov 16 01:59:34 AM CST 2025] Starting subject: 14098
[Sun Nov 16 02:10:44 AM CST 2025] Completed subject: 14098
[Sun Nov 16 01:59:46 AM CST 2025] Starting subject: 14112
[Sun Nov 16 02:11:17 AM CST 2025] Completed subject: 14112
[Sun Nov 16 01:59:21 AM CST 2025] Starting subject: 14094
[Sun Nov 16 02:11:19 AM CST 2025] Completed subject: 14094
[Sun Nov 16 02:00:14 AM CST 2025] Starting subject: 14118
[Sun Nov 16 02:11:35 AM CST 2025] Completed subject: 14118
[Sun Nov 16 02:00:36 AM CST 2025] Starting subject: 14120
[Sun Nov 16 02:11:55 AM CST 2025] Completed subject: 14120
[Sun Nov 16 02:00:41 AM CST 2025] Starting subject: 14129
[Sun Nov 16 02:11:59 AM CST 2025] Completed subject: 14129
[Sun Nov 16 01:59:44 AM CST 2025] Starting subject: 14110
[Sun Nov 16 02:11:59 AM CST 2025] Completed subject: 14110
[Sun Nov 16 02:00:10 AM CST 2025] Starting subject: 14115
[Sun Nov 16 02:12:08 AM CST 2025] Completed subject: 14115
[Sun Nov 16 02:01:08 AM CST 2025] Starting subject: 14137
[Sun Nov 16 02:12:38 AM CST 2025] Completed subject: 14137
[Sun Nov 16 02:01:13 AM CST 2025] Starting subject: 14145
[Sun Nov 16 02:13:15 AM CST 2025] Completed subject: 14145
[Sun Nov 16 02:02:16 AM CST 2025] Starting subject: 14168
[Sun Nov 16 02:13:23 AM CST 2025] Completed subject: 14168
[Sun Nov 16 02:01:34 AM CST 2025] Starting subject: 14148
[Sun Nov 16 02:13:58 AM CST 2025] Completed subject: 14148
[Sun Nov 16 02:01:04 AM CST 2025] Starting subject: 14136
[Sun Nov 16 02:14:24 AM CST 2025] Completed subject: 14136
[Sun Nov 16 02:02:12 AM CST 2025] Starting subject: 14164
[Sun Nov 16 02:14:47 AM CST 2025] Completed subject: 14164
[Sun Nov 16 02:10:44 AM CST 2025] Starting subject: 14171
[Sun Nov 16 02:22:00 AM CST 2025] Completed subject: 14171
[Sun Nov 16 02:11:19 AM CST 2025] Starting subject: 14181
[Sun Nov 16 02:22:37 AM CST 2025] Completed subject: 14181
[Sun Nov 16 02:00:49 AM CST 2025] Starting subject: 14132
[Sun Nov 16 02:22:41 AM CST 2025] Completed subject: 14132
[Sun Nov 16 02:11:35 AM CST 2025] Starting subject: 14185
[Sun Nov 16 02:23:04 AM CST 2025] Completed subject: 14185
[Sun Nov 16 02:11:59 AM CST 2025] Starting subject: 14205
[Sun Nov 16 02:23:21 AM CST 2025] Completed subject: 14205
[Sun Nov 16 02:11:55 AM CST 2025] Starting subject: 14187
[Sun Nov 16 02:23:22 AM CST 2025] Completed subject: 14187
[Sun Nov 16 02:11:17 AM CST 2025] Starting subject: 14180
[Sun Nov 16 02:23:26 AM CST 2025] Completed subject: 14180
[Sun Nov 16 02:12:08 AM CST 2025] Starting subject: 14210
[Sun Nov 16 02:23:37 AM CST 2025] Completed subject: 14210
[Sun Nov 16 02:12:38 AM CST 2025] Starting subject: 14211
[Sun Nov 16 02:24:44 AM CST 2025] Completed subject: 14211
[Sun Nov 16 02:13:23 AM CST 2025] Starting subject: 14226
[Sun Nov 16 02:25:06 AM CST 2025] Completed subject: 14226
[Sun Nov 16 02:14:47 AM CST 2025] Starting subject: 14245
[Sun Nov 16 02:25:47 AM CST 2025] Completed subject: 14245
[Sun Nov 16 02:14:24 AM CST 2025] Starting subject: 14241
[Sun Nov 16 02:25:47 AM CST 2025] Completed subject: 14241
[Sun Nov 16 02:13:58 AM CST 2025] Starting subject: 14236
[Sun Nov 16 02:26:06 AM CST 2025] Completed subject: 14236
[Sun Nov 16 02:11:59 AM CST 2025] Starting subject: 14206
[Sun Nov 16 02:26:57 AM CST 2025] Completed subject: 14206
[Sun Nov 16 02:26:57 AM CST 2025] Starting subject: 14336
[Sun Nov 16 02:27:00 AM CST 2025] Completed subject: 14336
[Sun Nov 16 02:27:00 AM CST 2025] Starting subject: 14338
[Sun Nov 16 02:27:03 AM CST 2025] Completed subject: 14338
[Sun Nov 16 02:27:03 AM CST 2025] Starting subject: 14343
[Sun Nov 16 02:27:06 AM CST 2025] Completed subject: 14343
[Sun Nov 16 02:27:06 AM CST 2025] Starting subject: 14344
[Sun Nov 16 02:27:10 AM CST 2025] Completed subject: 14344
[Sun Nov 16 02:27:10 AM CST 2025] Starting subject: 14346
[Sun Nov 16 02:27:13 AM CST 2025] Completed subject: 14346
[Sun Nov 16 02:27:13 AM CST 2025] Starting subject: 14357
[Sun Nov 16 02:27:16 AM CST 2025] Completed subject: 14357
[Sun Nov 16 02:27:16 AM CST 2025] Starting subject: 14371
[Sun Nov 16 02:27:19 AM CST 2025] Completed subject: 14371
[Sun Nov 16 02:27:19 AM CST 2025] Starting subject: 14378
[Sun Nov 16 02:27:22 AM CST 2025] Completed subject: 14378
[Sun Nov 16 02:27:22 AM CST 2025] Starting subject: 14382
[Sun Nov 16 02:27:25 AM CST 2025] Completed subject: 14382
[Sun Nov 16 02:27:25 AM CST 2025] Starting subject: 14387
[Sun Nov 16 02:27:29 AM CST 2025] Completed subject: 14387
[Sun Nov 16 02:27:29 AM CST 2025] Starting subject: 14390
[Sun Nov 16 02:27:32 AM CST 2025] Completed subject: 14390
[Sun Nov 16 02:27:32 AM CST 2025] Starting subject: 14403
[Sun Nov 16 02:27:35 AM CST 2025] Completed subject: 14403
[Sun Nov 16 02:27:35 AM CST 2025] Starting subject: 14421
[Sun Nov 16 02:27:38 AM CST 2025] Completed subject: 14421
[Sun Nov 16 02:27:38 AM CST 2025] Starting subject: 14424
[Sun Nov 16 02:27:41 AM CST 2025] Completed subject: 14424
[Sun Nov 16 02:27:41 AM CST 2025] Starting subject: 14430
[Sun Nov 16 02:27:44 AM CST 2025] Completed subject: 14430
[Sun Nov 16 02:27:44 AM CST 2025] Starting subject: 14451
[Sun Nov 16 02:27:47 AM CST 2025] Completed subject: 14451
[Sun Nov 16 02:27:47 AM CST 2025] Starting subject: 14452
[Sun Nov 16 02:27:51 AM CST 2025] Completed subject: 14452
[Sun Nov 16 02:27:51 AM CST 2025] Starting subject: 14460
[Sun Nov 16 02:27:54 AM CST 2025] Completed subject: 14460
[Sun Nov 16 02:27:54 AM CST 2025] Starting subject: 14462
[Sun Nov 16 02:27:57 AM CST 2025] Completed subject: 14462
[Sun Nov 16 02:27:58 AM CST 2025] Starting subject: 14467
[Sun Nov 16 02:28:01 AM CST 2025] Completed subject: 14467
[Sun Nov 16 02:28:01 AM CST 2025] Starting subject: 14468
[Sun Nov 16 02:28:04 AM CST 2025] Completed subject: 14468
[Sun Nov 16 02:28:04 AM CST 2025] Starting subject: 14475
[Sun Nov 16 02:28:07 AM CST 2025] Completed subject: 14475
[Sun Nov 16 02:28:07 AM CST 2025] Starting subject: 14479
[Sun Nov 16 02:28:10 AM CST 2025] Completed subject: 14479
[Sun Nov 16 02:28:10 AM CST 2025] Starting subject: 14480
[Sun Nov 16 02:28:13 AM CST 2025] Completed subject: 14480
[Sun Nov 16 02:28:13 AM CST 2025] Starting subject: 14481
[Sun Nov 16 02:28:17 AM CST 2025] Completed subject: 14481
[Sun Nov 16 02:28:17 AM CST 2025] Starting subject: 14491
[Sun Nov 16 02:28:20 AM CST 2025] Completed subject: 14491
[Sun Nov 16 02:22:00 AM CST 2025] Starting subject: 14249
[Sun Nov 16 02:33:22 AM CST 2025] Completed subject: 14249
[Sun Nov 16 02:22:37 AM CST 2025] Starting subject: 14251
[Sun Nov 16 02:33:49 AM CST 2025] Completed subject: 14251
[Sun Nov 16 02:23:22 AM CST 2025] Starting subject: 14294
[Sun Nov 16 02:34:10 AM CST 2025] Completed subject: 14294
[Sun Nov 16 02:22:41 AM CST 2025] Starting subject: 14255
[Sun Nov 16 02:34:16 AM CST 2025] Completed subject: 14255
[Sun Nov 16 02:23:27 AM CST 2025] Starting subject: 14295
[Sun Nov 16 02:34:25 AM CST 2025] Completed subject: 14295
[Sun Nov 16 02:23:21 AM CST 2025] Starting subject: 14285
[Sun Nov 16 02:34:42 AM CST 2025] Completed subject: 14285
[Sun Nov 16 02:13:15 AM CST 2025] Starting subject: 14213
[Sun Nov 16 02:35:10 AM CST 2025] Completed subject: 14213
[Sun Nov 16 02:23:37 AM CST 2025] Starting subject: 14303
[Sun Nov 16 02:35:30 AM CST 2025] Completed subject: 14303
[Sun Nov 16 02:25:06 AM CST 2025] Starting subject: 14316
[Sun Nov 16 02:36:06 AM CST 2025] Completed subject: 14316
[Sun Nov 16 02:26:06 AM CST 2025] Starting subject: 14333
[Sun Nov 16 02:36:53 AM CST 2025] Completed subject: 14333
[Sun Nov 16 02:25:47 AM CST 2025] Starting subject: 14319
[Sun Nov 16 02:37:12 AM CST 2025] Completed subject: 14319
[Sun Nov 16 02:25:47 AM CST 2025] Starting subject: 14328
[Sun Nov 16 02:37:17 AM CST 2025] Completed subject: 14328
[Sun Nov 16 02:24:44 AM CST 2025] Starting subject: 14312
[Sun Nov 16 02:37:43 AM CST 2025] Completed subject: 14312
[Sun Nov 16 02:23:04 AM CST 2025] Starting subject: 14284
[Sun Nov 16 02:38:28 AM CST 2025] Completed subject: 14284
All 83 subjects completed!
Found 85 subjects
Running 15 subjects in parallel
[Sun Nov 16 02:38:28 AM CST 2025] Starting subject: 14013
[Sun Nov 16 02:49:44 AM CST 2025] Completed subject: 14013
[Sun Nov 16 02:38:28 AM CST 2025] Starting subject: 14027
[Sun Nov 16 02:49:58 AM CST 2025] Completed subject: 14027
[Sun Nov 16 02:38:28 AM CST 2025] Starting subject: 14031
[Sun Nov 16 02:50:11 AM CST 2025] Completed subject: 14031
[Sun Nov 16 02:38:28 AM CST 2025] Starting subject: 14076
[Sun Nov 16 02:50:16 AM CST 2025] Completed subject: 14076
[Sun Nov 16 02:38:28 AM CST 2025] Starting subject: 14079
[Sun Nov 16 02:50:36 AM CST 2025] Completed subject: 14079
[Sun Nov 16 02:38:28 AM CST 2025] Starting subject: 14080
[Sun Nov 16 02:50:36 AM CST 2025] Completed subject: 14080
[Sun Nov 16 02:38:28 AM CST 2025] Starting subject: 14057
[Sun Nov 16 02:50:36 AM CST 2025] Completed subject: 14057
[Sun Nov 16 02:38:28 AM CST 2025] Starting subject: 14064
[Sun Nov 16 02:50:40 AM CST 2025] Completed subject: 14064
[Sun Nov 16 02:38:28 AM CST 2025] Starting subject: 14054
[Sun Nov 16 02:50:51 AM CST 2025] Completed subject: 14054
[Sun Nov 16 02:38:28 AM CST 2025] Starting subject: 14017
[Sun Nov 16 02:51:06 AM CST 2025] Completed subject: 14017
[Sun Nov 16 02:38:28 AM CST 2025] Starting subject: 14087
[Sun Nov 16 02:51:11 AM CST 2025] Completed subject: 14087
[Sun Nov 16 02:38:28 AM CST 2025] Starting subject: 14041
[Sun Nov 16 02:51:23 AM CST 2025] Completed subject: 14041
[Sun Nov 16 02:38:28 AM CST 2025] Starting subject: 14011
[Sun Nov 16 02:51:51 AM CST 2025] Completed subject: 14011
[Sun Nov 16 02:38:28 AM CST 2025] Starting subject: 14083
[Sun Nov 16 02:52:51 AM CST 2025] Completed subject: 14083
[Sun Nov 16 02:38:28 AM CST 2025] Starting subject: 14006
[Sun Nov 16 02:52:53 AM CST 2025] Completed subject: 14006
[Sun Nov 16 02:50:16 AM CST 2025] Starting subject: 14112
[Sun Nov 16 03:02:06 AM CST 2025] Completed subject: 14112
[Sun Nov 16 02:49:58 AM CST 2025] Starting subject: 14098
[Sun Nov 16 03:02:12 AM CST 2025] Completed subject: 14098
[Sun Nov 16 02:49:44 AM CST 2025] Starting subject: 14094
[Sun Nov 16 03:02:17 AM CST 2025] Completed subject: 14094
[Sun Nov 16 02:50:36 AM CST 2025] Starting subject: 14115
[Sun Nov 16 03:02:36 AM CST 2025] Completed subject: 14115
[Sun Nov 16 02:50:36 AM CST 2025] Starting subject: 14118
[Sun Nov 16 03:02:37 AM CST 2025] Completed subject: 14118
[Sun Nov 16 02:50:36 AM CST 2025] Starting subject: 14120
[Sun Nov 16 03:02:39 AM CST 2025] Completed subject: 14120
[Sun Nov 16 02:50:40 AM CST 2025] Starting subject: 14129
[Sun Nov 16 03:02:40 AM CST 2025] Completed subject: 14129
[Sun Nov 16 02:51:11 AM CST 2025] Starting subject: 14137
[Sun Nov 16 03:02:47 AM CST 2025] Completed subject: 14137
[Sun Nov 16 02:50:11 AM CST 2025] Starting subject: 14110
[Sun Nov 16 03:02:59 AM CST 2025] Completed subject: 14110
[Sun Nov 16 02:51:23 AM CST 2025] Starting subject: 14145
[Sun Nov 16 03:03:54 AM CST 2025] Completed subject: 14145
[Sun Nov 16 02:52:53 AM CST 2025] Starting subject: 14168
[Sun Nov 16 03:04:15 AM CST 2025] Completed subject: 14168
[Sun Nov 16 02:51:06 AM CST 2025] Starting subject: 14136
[Sun Nov 16 03:05:05 AM CST 2025] Completed subject: 14136
[Sun Nov 16 02:51:51 AM CST 2025] Starting subject: 14148
[Sun Nov 16 03:05:13 AM CST 2025] Completed subject: 14148
[Sun Nov 16 02:52:51 AM CST 2025] Starting subject: 14164
[Sun Nov 16 03:06:02 AM CST 2025] Completed subject: 14164
[Sun Nov 16 03:02:07 AM CST 2025] Starting subject: 14171
[Sun Nov 16 03:13:47 AM CST 2025] Completed subject: 14171
[Sun Nov 16 02:50:51 AM CST 2025] Starting subject: 14132
[Sun Nov 16 03:13:51 AM CST 2025] Completed subject: 14132
[Sun Nov 16 03:02:12 AM CST 2025] Starting subject: 14172
[Sun Nov 16 03:13:55 AM CST 2025] Completed subject: 14172
[Sun Nov 16 03:02:36 AM CST 2025] Starting subject: 14181
[Sun Nov 16 03:13:58 AM CST 2025] Completed subject: 14181
[Sun Nov 16 03:02:17 AM CST 2025] Starting subject: 14180
[Sun Nov 16 03:14:16 AM CST 2025] Completed subject: 14180
[Sun Nov 16 03:02:39 AM CST 2025] Starting subject: 14187
[Sun Nov 16 03:14:49 AM CST 2025] Completed subject: 14187
[Sun Nov 16 03:02:40 AM CST 2025] Starting subject: 14205
[Sun Nov 16 03:15:09 AM CST 2025] Completed subject: 14205
[Sun Nov 16 03:02:37 AM CST 2025] Starting subject: 14185
[Sun Nov 16 03:15:17 AM CST 2025] Completed subject: 14185
[Sun Nov 16 03:02:59 AM CST 2025] Starting subject: 14211
[Sun Nov 16 03:15:53 AM CST 2025] Completed subject: 14211
[Sun Nov 16 03:04:15 AM CST 2025] Starting subject: 14226
[Sun Nov 16 03:16:16 AM CST 2025] Completed subject: 14226
[Sun Nov 16 03:05:13 AM CST 2025] Starting subject: 14241
[Sun Nov 16 03:17:08 AM CST 2025] Completed subject: 14241
[Sun Nov 16 03:06:02 AM CST 2025] Starting subject: 14245
[Sun Nov 16 03:17:20 AM CST 2025] Completed subject: 14245
[Sun Nov 16 03:05:05 AM CST 2025] Starting subject: 14236
[Sun Nov 16 03:17:23 AM CST 2025] Completed subject: 14236
[Sun Nov 16 03:02:47 AM CST 2025] Starting subject: 14206
[Sun Nov 16 03:18:48 AM CST 2025] Completed subject: 14206
[Sun Nov 16 03:18:48 AM CST 2025] Starting subject: 14336
[Sun Nov 16 03:18:51 AM CST 2025] Completed subject: 14336
[Sun Nov 16 03:18:51 AM CST 2025] Starting subject: 14338
[Sun Nov 16 03:18:54 AM CST 2025] Completed subject: 14338
[Sun Nov 16 03:18:54 AM CST 2025] Starting subject: 14343
[Sun Nov 16 03:18:57 AM CST 2025] Completed subject: 14343
[Sun Nov 16 03:18:57 AM CST 2025] Starting subject: 14344
[Sun Nov 16 03:19:01 AM CST 2025] Completed subject: 14344
[Sun Nov 16 03:19:01 AM CST 2025] Starting subject: 14346
[Sun Nov 16 03:19:04 AM CST 2025] Completed subject: 14346
[Sun Nov 16 03:19:04 AM CST 2025] Starting subject: 14357
[Sun Nov 16 03:19:07 AM CST 2025] Completed subject: 14357
[Sun Nov 16 03:19:07 AM CST 2025] Starting subject: 14371
[Sun Nov 16 03:19:10 AM CST 2025] Completed subject: 14371
[Sun Nov 16 03:19:10 AM CST 2025] Starting subject: 14378
[Sun Nov 16 03:19:13 AM CST 2025] Completed subject: 14378
[Sun Nov 16 03:19:13 AM CST 2025] Starting subject: 14382
[Sun Nov 16 03:19:16 AM CST 2025] Completed subject: 14382
[Sun Nov 16 03:19:16 AM CST 2025] Starting subject: 14387
[Sun Nov 16 03:19:30 AM CST 2025] Completed subject: 14387
[Sun Nov 16 03:19:30 AM CST 2025] Starting subject: 14390
[Sun Nov 16 03:19:33 AM CST 2025] Completed subject: 14390
[Sun Nov 16 03:19:33 AM CST 2025] Starting subject: 14403
[Sun Nov 16 03:19:36 AM CST 2025] Completed subject: 14403
[Sun Nov 16 03:19:36 AM CST 2025] Starting subject: 14404
[Sun Nov 16 03:19:40 AM CST 2025] Completed subject: 14404
[Sun Nov 16 03:19:40 AM CST 2025] Starting subject: 14417
[Sun Nov 16 03:19:43 AM CST 2025] Completed subject: 14417
[Sun Nov 16 03:19:43 AM CST 2025] Starting subject: 14421
[Sun Nov 16 03:19:46 AM CST 2025] Completed subject: 14421
[Sun Nov 16 03:19:46 AM CST 2025] Starting subject: 14424
[Sun Nov 16 03:19:49 AM CST 2025] Completed subject: 14424
[Sun Nov 16 03:19:49 AM CST 2025] Starting subject: 14430
[Sun Nov 16 03:19:52 AM CST 2025] Completed subject: 14430
[Sun Nov 16 03:19:52 AM CST 2025] Starting subject: 14451
[Sun Nov 16 03:19:55 AM CST 2025] Completed subject: 14451
[Sun Nov 16 03:19:55 AM CST 2025] Starting subject: 14452
[Sun Nov 16 03:19:58 AM CST 2025] Completed subject: 14452
[Sun Nov 16 03:19:58 AM CST 2025] Starting subject: 14460
[Sun Nov 16 03:20:02 AM CST 2025] Completed subject: 14460
[Sun Nov 16 03:20:02 AM CST 2025] Starting subject: 14462
[Sun Nov 16 03:20:05 AM CST 2025] Completed subject: 14462
[Sun Nov 16 03:20:05 AM CST 2025] Starting subject: 14467
[Sun Nov 16 03:20:08 AM CST 2025] Completed subject: 14467
[Sun Nov 16 03:20:08 AM CST 2025] Starting subject: 14468
[Sun Nov 16 03:20:12 AM CST 2025] Completed subject: 14468
[Sun Nov 16 03:20:12 AM CST 2025] Starting subject: 14475
[Sun Nov 16 03:20:15 AM CST 2025] Completed subject: 14475
[Sun Nov 16 03:20:15 AM CST 2025] Starting subject: 14479
[Sun Nov 16 03:20:19 AM CST 2025] Completed subject: 14479
[Sun Nov 16 03:20:19 AM CST 2025] Starting subject: 14480
[Sun Nov 16 03:20:22 AM CST 2025] Completed subject: 14480
[Sun Nov 16 03:20:22 AM CST 2025] Starting subject: 14481
[Sun Nov 16 03:20:26 AM CST 2025] Completed subject: 14481
[Sun Nov 16 03:20:26 AM CST 2025] Starting subject: 14491
[Sun Nov 16 03:20:39 AM CST 2025] Completed subject: 14491
[Sun Nov 16 03:13:47 AM CST 2025] Starting subject: 14249
[Sun Nov 16 03:25:35 AM CST 2025] Completed subject: 14249
[Sun Nov 16 03:13:51 AM CST 2025] Starting subject: 14251
[Sun Nov 16 03:25:41 AM CST 2025] Completed subject: 14251
[Sun Nov 16 03:13:55 AM CST 2025] Starting subject: 14255
[Sun Nov 16 03:25:46 AM CST 2025] Completed subject: 14255
[Sun Nov 16 03:14:49 AM CST 2025] Starting subject: 14294
[Sun Nov 16 03:26:09 AM CST 2025] Completed subject: 14294
[Sun Nov 16 03:03:54 AM CST 2025] Starting subject: 14213
[Sun Nov 16 03:26:50 AM CST 2025] Completed subject: 14213
[Sun Nov 16 03:15:09 AM CST 2025] Starting subject: 14295
[Sun Nov 16 03:26:50 AM CST 2025] Completed subject: 14295
[Sun Nov 16 03:14:16 AM CST 2025] Starting subject: 14285
[Sun Nov 16 03:26:50 AM CST 2025] Completed subject: 14285
[Sun Nov 16 03:15:17 AM CST 2025] Starting subject: 14303
[Sun Nov 16 03:27:03 AM CST 2025] Completed subject: 14303
[Sun Nov 16 03:16:16 AM CST 2025] Starting subject: 14316
[Sun Nov 16 03:28:00 AM CST 2025] Completed subject: 14316
[Sun Nov 16 03:17:23 AM CST 2025] Starting subject: 14333
[Sun Nov 16 03:28:35 AM CST 2025] Completed subject: 14333
[Sun Nov 16 03:17:20 AM CST 2025] Starting subject: 14328
[Sun Nov 16 03:29:42 AM CST 2025] Completed subject: 14328
[Sun Nov 16 03:13:58 AM CST 2025] Starting subject: 14284
[Sun Nov 16 03:29:42 AM CST 2025] Completed subject: 14284
[Sun Nov 16 03:17:08 AM CST 2025] Starting subject: 14319
[Sun Nov 16 03:29:42 AM CST 2025] Completed subject: 14319
[Sun Nov 16 03:15:53 AM CST 2025] Starting subject: 14312
[Sun Nov 16 03:29:46 AM CST 2025] Completed subject: 14312
All 85 subjects completed!
Found 59 subjects
Running 15 subjects in parallel
[Sun Nov 16 03:29:46 AM CST 2025] Starting subject: 28176
[Sun Nov 16 03:41:27 AM CST 2025] Completed subject: 28176
[Sun Nov 16 03:29:46 AM CST 2025] Starting subject: 28043
[Sun Nov 16 03:42:01 AM CST 2025] Completed subject: 28043
[Sun Nov 16 03:29:47 AM CST 2025] Starting subject: 28265
[Sun Nov 16 03:42:01 AM CST 2025] Completed subject: 28265
[Sun Nov 16 03:29:46 AM CST 2025] Starting subject: 28146
[Sun Nov 16 03:42:10 AM CST 2025] Completed subject: 28146
[Sun Nov 16 03:29:46 AM CST 2025] Starting subject: 28034
[Sun Nov 16 03:42:11 AM CST 2025] Completed subject: 28034
[Sun Nov 16 03:29:46 AM CST 2025] Starting subject: 28177
[Sun Nov 16 03:42:14 AM CST 2025] Completed subject: 28177
[Sun Nov 16 03:29:46 AM CST 2025] Starting subject: 27999
[Sun Nov 16 03:42:15 AM CST 2025] Completed subject: 27999
[Sun Nov 16 03:29:46 AM CST 2025] Starting subject: 28001
[Sun Nov 16 03:42:25 AM CST 2025] Completed subject: 28001
[Sun Nov 16 03:29:46 AM CST 2025] Starting subject: 28096
[Sun Nov 16 03:42:52 AM CST 2025] Completed subject: 28096
[Sun Nov 16 03:29:46 AM CST 2025] Starting subject: 28003
[Sun Nov 16 03:43:14 AM CST 2025] Completed subject: 28003
[Sun Nov 16 03:29:46 AM CST 2025] Starting subject: 28004
[Sun Nov 16 03:43:16 AM CST 2025] Completed subject: 28004
[Sun Nov 16 03:29:46 AM CST 2025] Starting subject: 28132
[Sun Nov 16 03:44:11 AM CST 2025] Completed subject: 28132
[Sun Nov 16 03:29:46 AM CST 2025] Starting subject: 28178
[Sun Nov 16 03:44:21 AM CST 2025] Completed subject: 28178
[Sun Nov 16 03:29:46 AM CST 2025] Starting subject: 28129
[Sun Nov 16 03:44:28 AM CST 2025] Completed subject: 28129
[Sun Nov 16 03:29:46 AM CST 2025] Starting subject: 28167
[Sun Nov 16 03:46:39 AM CST 2025] Completed subject: 28167
[Sun Nov 16 03:42:01 AM CST 2025] Starting subject: 28279
[Sun Nov 16 03:54:23 AM CST 2025] Completed subject: 28279
[Sun Nov 16 03:42:10 AM CST 2025] Starting subject: 28281
[Sun Nov 16 03:54:30 AM CST 2025] Completed subject: 28281
[Sun Nov 16 03:42:11 AM CST 2025] Starting subject: 28282
[Sun Nov 16 03:54:31 AM CST 2025] Completed subject: 28282
[Sun Nov 16 03:42:15 AM CST 2025] Starting subject: 28289
[Sun Nov 16 03:54:41 AM CST 2025] Completed subject: 28289
[Sun Nov 16 03:42:52 AM CST 2025] Starting subject: 28292
[Sun Nov 16 03:55:14 AM CST 2025] Completed subject: 28292
[Sun Nov 16 03:42:14 AM CST 2025] Starting subject: 28284
[Sun Nov 16 03:55:14 AM CST 2025] Completed subject: 28284
[Sun Nov 16 03:43:14 AM CST 2025] Starting subject: 28297
[Sun Nov 16 03:55:27 AM CST 2025] Completed subject: 28297
[Sun Nov 16 03:42:25 AM CST 2025] Starting subject: 28291
[Sun Nov 16 03:55:40 AM CST 2025] Completed subject: 28291
[Sun Nov 16 03:41:27 AM CST 2025] Starting subject: 28275
[Sun Nov 16 03:55:43 AM CST 2025] Completed subject: 28275
[Sun Nov 16 03:44:11 AM CST 2025] Starting subject: 28307
[Sun Nov 16 03:56:30 AM CST 2025] Completed subject: 28307
[Sun Nov 16 03:44:28 AM CST 2025] Starting subject: 28312
[Sun Nov 16 03:57:01 AM CST 2025] Completed subject: 28312
[Sun Nov 16 03:44:21 AM CST 2025] Starting subject: 28308
[Sun Nov 16 03:57:16 AM CST 2025] Completed subject: 28308
[Sun Nov 16 03:43:16 AM CST 2025] Starting subject: 28299
[Sun Nov 16 03:57:43 AM CST 2025] Completed subject: 28299
[Sun Nov 16 03:42:01 AM CST 2025] Starting subject: 28280
[Sun Nov 16 03:58:41 AM CST 2025] Completed subject: 28280
[Sun Nov 16 03:46:39 AM CST 2025] Starting subject: 28315
[Sun Nov 16 03:59:29 AM CST 2025] Completed subject: 28315
[Sun Nov 16 03:54:41 AM CST 2025] Starting subject: 28326
[Sun Nov 16 04:06:18 AM CST 2025] Completed subject: 28326
[Sun Nov 16 03:54:31 AM CST 2025] Starting subject: 28323
[Sun Nov 16 04:06:44 AM CST 2025] Completed subject: 28323
[Sun Nov 16 03:54:30 AM CST 2025] Starting subject: 28320
[Sun Nov 16 04:06:57 AM CST 2025] Completed subject: 28320
[Sun Nov 16 03:55:27 AM CST 2025] Starting subject: 28332
[Sun Nov 16 04:07:04 AM CST 2025] Completed subject: 28332
[Sun Nov 16 03:54:23 AM CST 2025] Starting subject: 28318
[Sun Nov 16 04:07:30 AM CST 2025] Completed subject: 28318
[Sun Nov 16 03:55:14 AM CST 2025] Starting subject: 28331
[Sun Nov 16 04:07:41 AM CST 2025] Completed subject: 28331
[Sun Nov 16 03:56:30 AM CST 2025] Starting subject: 28339
[Sun Nov 16 04:08:10 AM CST 2025] Completed subject: 28339
[Sun Nov 16 03:55:43 AM CST 2025] Starting subject: 28335
[Sun Nov 16 04:08:30 AM CST 2025] Completed subject: 28335
[Sun Nov 16 03:55:14 AM CST 2025] Starting subject: 28330
[Sun Nov 16 04:08:32 AM CST 2025] Completed subject: 28330
[Sun Nov 16 03:57:16 AM CST 2025] Starting subject: 28348
[Sun Nov 16 04:09:03 AM CST 2025] Completed subject: 28348
[Sun Nov 16 03:55:40 AM CST 2025] Starting subject: 28334
[Sun Nov 16 04:09:21 AM CST 2025] Completed subject: 28334
[Sun Nov 16 03:57:01 AM CST 2025] Starting subject: 28346
[Sun Nov 16 04:10:15 AM CST 2025] Completed subject: 28346
[Sun Nov 16 03:57:43 AM CST 2025] Starting subject: 28349
[Sun Nov 16 04:10:30 AM CST 2025] Completed subject: 28349
[Sun Nov 16 03:58:42 AM CST 2025] Starting subject: 28354
[Sun Nov 16 04:11:58 AM CST 2025] Completed subject: 28354
[Sun Nov 16 03:59:29 AM CST 2025] Starting subject: 28356
[Sun Nov 16 04:12:02 AM CST 2025] Completed subject: 28356
[Sun Nov 16 04:06:44 AM CST 2025] Starting subject: 28367
[Sun Nov 16 04:18:22 AM CST 2025] Completed subject: 28367
[Sun Nov 16 04:06:57 AM CST 2025] Starting subject: 28368
[Sun Nov 16 04:18:44 AM CST 2025] Completed subject: 28368
[Sun Nov 16 04:07:30 AM CST 2025] Starting subject: 28376
[Sun Nov 16 04:19:26 AM CST 2025] Completed subject: 28376
[Sun Nov 16 04:06:18 AM CST 2025] Starting subject: 28360
[Sun Nov 16 04:19:43 AM CST 2025] Completed subject: 28360
[Sun Nov 16 04:07:04 AM CST 2025] Starting subject: 28371
[Sun Nov 16 04:19:50 AM CST 2025] Completed subject: 28371
[Sun Nov 16 04:08:30 AM CST 2025] Starting subject: 28402
[Sun Nov 16 04:19:58 AM CST 2025] Completed subject: 28402
[Sun Nov 16 04:07:41 AM CST 2025] Starting subject: 28391
[Sun Nov 16 04:20:10 AM CST 2025] Completed subject: 28391
[Sun Nov 16 04:08:10 AM CST 2025] Starting subject: 28397
[Sun Nov 16 04:20:40 AM CST 2025] Completed subject: 28397
[Sun Nov 16 04:08:32 AM CST 2025] Starting subject: 28409
[Sun Nov 16 04:20:54 AM CST 2025] Completed subject: 28409
[Sun Nov 16 04:09:21 AM CST 2025] Starting subject: 28412
[Sun Nov 16 04:21:04 AM CST 2025] Completed subject: 28412
[Sun Nov 16 04:09:03 AM CST 2025] Starting subject: 28410
[Sun Nov 16 04:21:21 AM CST 2025] Completed subject: 28410
[Sun Nov 16 04:10:30 AM CST 2025] Starting subject: 28417
[Sun Nov 16 04:22:19 AM CST 2025] Completed subject: 28417
[Sun Nov 16 04:10:15 AM CST 2025] Starting subject: 28413
[Sun Nov 16 04:22:24 AM CST 2025] Completed subject: 28413
[Sun Nov 16 04:11:58 AM CST 2025] Starting subject: 28419
[Sun Nov 16 04:23:34 AM CST 2025] Completed subject: 28419
All 59 subjects completed!
Found 56 subjects
Running 15 subjects in parallel
[Sun Nov 16 04:23:34 AM CST 2025] Starting subject: 28176
[Sun Nov 16 04:35:09 AM CST 2025] Completed subject: 28176
[Sun Nov 16 04:23:34 AM CST 2025] Starting subject: 28003
[Sun Nov 16 04:35:29 AM CST 2025] Completed subject: 28003
[Sun Nov 16 04:23:34 AM CST 2025] Starting subject: 28034
[Sun Nov 16 04:35:34 AM CST 2025] Completed subject: 28034
[Sun Nov 16 04:23:34 AM CST 2025] Starting subject: 28001
[Sun Nov 16 04:35:36 AM CST 2025] Completed subject: 28001
[Sun Nov 16 04:23:34 AM CST 2025] Starting subject: 28177
[Sun Nov 16 04:35:50 AM CST 2025] Completed subject: 28177
[Sun Nov 16 04:23:34 AM CST 2025] Starting subject: 28043
[Sun Nov 16 04:35:55 AM CST 2025] Completed subject: 28043
[Sun Nov 16 04:23:34 AM CST 2025] Starting subject: 28096
[Sun Nov 16 04:36:17 AM CST 2025] Completed subject: 28096
[Sun Nov 16 04:23:34 AM CST 2025] Starting subject: 28146
[Sun Nov 16 04:36:25 AM CST 2025] Completed subject: 28146
[Sun Nov 16 04:23:34 AM CST 2025] Starting subject: 27999
[Sun Nov 16 04:36:28 AM CST 2025] Completed subject: 27999
[Sun Nov 16 04:23:34 AM CST 2025] Starting subject: 28265
[Sun Nov 16 04:36:31 AM CST 2025] Completed subject: 28265
[Sun Nov 16 04:23:34 AM CST 2025] Starting subject: 28004
[Sun Nov 16 04:36:58 AM CST 2025] Completed subject: 28004
[Sun Nov 16 04:23:34 AM CST 2025] Starting subject: 28132
[Sun Nov 16 04:37:24 AM CST 2025] Completed subject: 28132
[Sun Nov 16 04:23:34 AM CST 2025] Starting subject: 28129
[Sun Nov 16 04:37:38 AM CST 2025] Completed subject: 28129
[Sun Nov 16 04:23:34 AM CST 2025] Starting subject: 28178
[Sun Nov 16 04:37:54 AM CST 2025] Completed subject: 28178
[Sun Nov 16 04:23:34 AM CST 2025] Starting subject: 28167
[Sun Nov 16 04:40:12 AM CST 2025] Completed subject: 28167
[Sun Nov 16 04:35:50 AM CST 2025] Starting subject: 28282
[Sun Nov 16 04:47:27 AM CST 2025] Completed subject: 28282
[Sun Nov 16 04:35:29 AM CST 2025] Starting subject: 28279
[Sun Nov 16 04:47:47 AM CST 2025] Completed subject: 28279
[Sun Nov 16 04:35:55 AM CST 2025] Starting subject: 28284
[Sun Nov 16 04:48:04 AM CST 2025] Completed subject: 28284
[Sun Nov 16 04:36:31 AM CST 2025] Starting subject: 28297
[Sun Nov 16 04:48:17 AM CST 2025] Completed subject: 28297
[Sun Nov 16 04:36:28 AM CST 2025] Starting subject: 28292
[Sun Nov 16 04:48:26 AM CST 2025] Completed subject: 28292
[Sun Nov 16 04:35:36 AM CST 2025] Starting subject: 28281
[Sun Nov 16 04:48:26 AM CST 2025] Completed subject: 28281
[Sun Nov 16 04:36:17 AM CST 2025] Starting subject: 28289
[Sun Nov 16 04:48:42 AM CST 2025] Completed subject: 28289
[Sun Nov 16 04:36:25 AM CST 2025] Starting subject: 28291
[Sun Nov 16 04:49:15 AM CST 2025] Completed subject: 28291
[Sun Nov 16 04:35:10 AM CST 2025] Starting subject: 28275
[Sun Nov 16 04:49:20 AM CST 2025] Completed subject: 28275
[Sun Nov 16 04:37:24 AM CST 2025] Starting subject: 28307
[Sun Nov 16 04:49:52 AM CST 2025] Completed subject: 28307
[Sun Nov 16 04:37:38 AM CST 2025] Starting subject: 28308
[Sun Nov 16 04:50:50 AM CST 2025] Completed subject: 28308
[Sun Nov 16 04:36:58 AM CST 2025] Starting subject: 28299
[Sun Nov 16 04:50:53 AM CST 2025] Completed subject: 28299
[Sun Nov 16 04:37:54 AM CST 2025] Starting subject: 28312
[Sun Nov 16 04:51:17 AM CST 2025] Completed subject: 28312
[Sun Nov 16 04:35:34 AM CST 2025] Starting subject: 28280
[Sun Nov 16 04:51:53 AM CST 2025] Completed subject: 28280
[Sun Nov 16 04:40:12 AM CST 2025] Starting subject: 28315
[Sun Nov 16 04:52:46 AM CST 2025] Completed subject: 28315
[Sun Nov 16 04:47:27 AM CST 2025] Starting subject: 28318
[Sun Nov 16 05:00:05 AM CST 2025] Completed subject: 28318
[Sun Nov 16 04:48:26 AM CST 2025] Starting subject: 28331
[Sun Nov 16 05:00:20 AM CST 2025] Completed subject: 28331
[Sun Nov 16 04:48:04 AM CST 2025] Starting subject: 28323
[Sun Nov 16 05:00:23 AM CST 2025] Completed subject: 28323
[Sun Nov 16 04:47:48 AM CST 2025] Starting subject: 28320
[Sun Nov 16 05:00:25 AM CST 2025] Completed subject: 28320
[Sun Nov 16 04:48:26 AM CST 2025] Starting subject: 28332
[Sun Nov 16 05:00:30 AM CST 2025] Completed subject: 28332
[Sun Nov 16 04:49:20 AM CST 2025] Starting subject: 28339
[Sun Nov 16 05:01:23 AM CST 2025] Completed subject: 28339
[Sun Nov 16 04:48:42 AM CST 2025] Starting subject: 28334
[Sun Nov 16 05:01:43 AM CST 2025] Completed subject: 28334
[Sun Nov 16 04:48:17 AM CST 2025] Starting subject: 28330
[Sun Nov 16 05:02:04 AM CST 2025] Completed subject: 28330
[Sun Nov 16 04:49:15 AM CST 2025] Starting subject: 28335
[Sun Nov 16 05:02:20 AM CST 2025] Completed subject: 28335
[Sun Nov 16 04:50:50 AM CST 2025] Starting subject: 28348
[Sun Nov 16 05:02:51 AM CST 2025] Completed subject: 28348
[Sun Nov 16 04:49:52 AM CST 2025] Starting subject: 28346
[Sun Nov 16 05:03:00 AM CST 2025] Completed subject: 28346
[Sun Nov 16 04:50:53 AM CST 2025] Starting subject: 28349
[Sun Nov 16 05:03:03 AM CST 2025] Completed subject: 28349
[Sun Nov 16 04:51:53 AM CST 2025] Starting subject: 28356
[Sun Nov 16 05:04:02 AM CST 2025] Completed subject: 28356
[Sun Nov 16 04:51:17 AM CST 2025] Starting subject: 28354
[Sun Nov 16 05:04:14 AM CST 2025] Completed subject: 28354
[Sun Nov 16 04:52:46 AM CST 2025] Starting subject: 28360
[Sun Nov 16 05:05:52 AM CST 2025] Completed subject: 28360
[Sun Nov 16 05:00:05 AM CST 2025] Starting subject: 28368
[Sun Nov 16 05:11:53 AM CST 2025] Completed subject: 28368
[Sun Nov 16 05:00:23 AM CST 2025] Starting subject: 28376
[Sun Nov 16 05:12:16 AM CST 2025] Completed subject: 28376
[Sun Nov 16 05:01:23 AM CST 2025] Starting subject: 28402
[Sun Nov 16 05:12:36 AM CST 2025] Completed subject: 28402
[Sun Nov 16 05:00:25 AM CST 2025] Starting subject: 28391
[Sun Nov 16 05:12:41 AM CST 2025] Completed subject: 28391
[Sun Nov 16 05:00:30 AM CST 2025] Starting subject: 28397
[Sun Nov 16 05:12:45 AM CST 2025] Completed subject: 28397
[Sun Nov 16 05:00:20 AM CST 2025] Starting subject: 28371
[Sun Nov 16 05:13:16 AM CST 2025] Completed subject: 28371
[Sun Nov 16 05:02:20 AM CST 2025] Starting subject: 28412
[Sun Nov 16 05:13:55 AM CST 2025] Completed subject: 28412
[Sun Nov 16 05:01:43 AM CST 2025] Starting subject: 28409
[Sun Nov 16 05:14:01 AM CST 2025] Completed subject: 28409
[Sun Nov 16 05:02:51 AM CST 2025] Starting subject: 28417
[Sun Nov 16 05:14:11 AM CST 2025] Completed subject: 28417
[Sun Nov 16 05:02:04 AM CST 2025] Starting subject: 28410
[Sun Nov 16 05:14:14 AM CST 2025] Completed subject: 28410
[Sun Nov 16 05:03:00 AM CST 2025] Starting subject: 28419
[Sun Nov 16 05:14:37 AM CST 2025] Completed subject: 28419
All 56 subjects completed!
