HDF5-DIAG: Error detected in HDF5 (1.8.12) thread 0:
  #000: H5Dio.c line 231 in H5Dwrite(): can't prepare for writing data
    major: Dataset
    minor: Write failed
  #001: H5Dio.c line 363 in H5D__pre_write(): can't write data
    major: Dataset
    minor: Write failed
  #002: H5Dio.c line 771 in H5D__write(): can't write data
    major: Dataset
    minor: Write failed
  #003: H5Dchunk.c line 1968 in H5D__chunk_write(): unable to read raw data chunk
    major: Low-level I/O
    minor: Read failed
  #004: H5Dchunk.c line 2953 in H5D__chunk_lock(): unable to preempt chunk(s) from cache
    major: Low-level I/O
    minor: Unable to initialize object
  #005: H5Dchunk.c line 2739 in H5D__chunk_cache_prune(): unable to preempt one or more raw data cache entry
    major: Low-level I/O
    minor: Unable to flush data from cache
  #006: H5Dchunk.c line 2606 in H5D__chunk_cache_evict(): cannot flush indexed storage buffer
    major: Low-level I/O
    minor: Write failed
  #007: H5Dchunk.c line 2534 in H5D__chunk_flush_entry(): unable to write raw data to file
    major: Dataset
    minor: Write failed
  #008: H5Fio.c line 158 in H5F_block_write(): write through metadata accumulator failed
    major: Low-level I/O
    minor: Write failed
  #009: H5Faccum.c line 816 in H5F_accum_write(): file write failed
    major: Low-level I/O
    minor: Write failed
  #010: H5FDint.c line 185 in H5FD_write(): driver write request failed
    major: Virtual File Layer
    minor: Write failed
  #011: H5FDsec2.c line 822 in H5FD_sec2_write(): file write failed: time = Mon Nov 17 04:45:46 2025
, filename = '/home/mattonim/psych_oajilore_chi_link/mattonim/rembrandt/data_hcp/14180/pfm/DistanceMatrixCortexOnly.mat', file descriptor = 788, errno = 122, error message = 'Disk quota exceeded', buf = 0x155316d09db0, total write size = 15377, bytes this sub-write = 15377, bytes actually written = 18446744073709551615, offset = 4528
    major: Low-level I/O
    minor: Write failed
HDF5-DIAG: Error detected in HDF5 (1.8.12) thread 0:
  #000: H5Dio.c line 231 in H5Dwrite(): can't prepare for writing data
    major: Dataset
    minor: Write failed
  #001: H5Dio.c line 363 in H5D__pre_write(): can't write data
    major: Dataset
    minor: Write failed
  #002: H5Dio.c line 771 in H5D__write(): can't write data
    major: Dataset
    minor: Write failed
  #003: H5Dchunk.c line 1968 in H5D__chunk_write(): unable to read raw data chunk
    major: Low-level I/O
    minor: Read failed
  #004: H5Dchunk.c line 2953 in H5D__chunk_lock(): unable to preempt chunk(s) from cache
    major: Low-level I/O
    minor: Unable to initialize object
  #005: H5Dchunk.c line 2739 in H5D__chunk_cache_prune(): unable to preempt one or more raw data cache entry
    major: Low-level I/O
    minor: Unable to flush data from cache
  #006: H5Dchunk.c line 2606 in H5D__chunk_cache_evict(): cannot flush indexed storage buffer
    major: Low-level I/O
    minor: Write failed
  #007: H5Dchunk.c line 2534 in H5D__chunk_flush_entry(): unable to write raw data to file
    major: Dataset
    minor: Write failed
  #008: H5Fio.c line 158 in H5F_block_write(): write through metadata accumulator failed
    major: Low-level I/O
    minor: Write failed
  #009: H5Faccum.c line 816 in H5F_accum_write(): file write failed
    major: Low-level I/O
    minor: Write failed
  #010: H5FDint.c line 185 in H5FD_write(): driver write request failed
    major: Virtual File Layer
    minor: Write failed
  #011: H5FDsec2.c line 822 in H5FD_sec2_write(): file write failed: time = Mon Nov 17 05:23:01 2025
, filename = '/home/mattonim/psych_oajilore_chi_link/mattonim/rembrandt/data_hcp/14181/pfm/DistanceMatrixCortexOnly.mat', file descriptor = 789, errno = 122, error message = 'Disk quota exceeded', buf = 0x1551d6d02150, total write size = 15484, bytes this sub-write = 15484, bytes actually written = 18446744073709551615, offset = 4528
    major: Low-level I/O
    minor: Write failed
HDF5-DIAG: Error detected in HDF5 (1.8.12) thread 0:
  #000: H5Dio.c line 231 in H5Dwrite(): can't prepare for writing data
    major: Dataset
    minor: Write failed
  #001: H5Dio.c line 363 in H5D__pre_write(): can't write data
    major: Dataset
    minor: Write failed
  #002: H5Dio.c line 771 in H5D__write(): can't write data
    major: Dataset
    minor: Write failed
  #003: H5Dchunk.c line 1968 in H5D__chunk_write(): unable to read raw data chunk
    major: Low-level I/O
    minor: Read failed
  #004: H5Dchunk.c line 2953 in H5D__chunk_lock(): unable to preempt chunk(s) from cache
    major: Low-level I/O
    minor: Unable to initialize object
  #005: H5Dchunk.c line 2739 in H5D__chunk_cache_prune(): unable to preempt one or more raw data cache entry
    major: Low-level I/O
    minor: Unable to flush data from cache
  #006: H5Dchunk.c line 2606 in H5D__chunk_cache_evict(): cannot flush indexed storage buffer
    major: Low-level I/O
    minor: Write failed
  #007: H5Dchunk.c line 2534 in H5D__chunk_flush_entry(): unable to write raw data to file
    major: Dataset
    minor: Write failed
  #008: H5Fio.c line 158 in H5F_block_write(): write through metadata accumulator failed
    major: Low-level I/O
    minor: Write failed
  #009: H5Faccum.c line 816 in H5F_accum_write(): file write failed
    major: Low-level I/O
    minor: Write failed
  #010: H5FDint.c line 185 in H5FD_write(): driver write request failed
    major: Virtual File Layer
    minor: Write failed
  #011: H5FDsec2.c line 822 in H5FD_sec2_write(): file write failed: time = Mon Nov 17 05:23:06 2025
, filename = '/home/mattonim/psych_oajilore_chi_link/mattonim/rembrandt/data_hcp/14185/pfm/DistanceMatrixCortexOnly.mat', file descriptor = 788, errno = 122, error message = 'Disk quota exceeded', buf = 0x1552dacf51d0, total write size = 15441, bytes this sub-write = 15441, bytes actually written = 18446744073709551615, offset = 4528
    major: Low-level I/O
    minor: Write failed
HDF5-DIAG: Error detected in HDF5 (1.8.12) thread 0:
  #000: H5Dio.c line 231 in H5Dwrite(): can't prepare for writing data
    major: Dataset
    minor: Write failed
  #001: H5Dio.c line 363 in H5D__pre_write(): can't write data
    major: Dataset
    minor: Write failed
  #002: H5Dio.c line 771 in H5D__write(): can't write data
    major: Dataset
    minor: Write failed
  #003: H5Dchunk.c line 1968 in H5D__chunk_write(): unable to read raw data chunk
    major: Low-level I/O
    minor: Read failed
  #004: H5Dchunk.c line 2953 in H5D__chunk_lock(): unable to preempt chunk(s) from cache
    major: Low-level I/O
    minor: Unable to initialize object
  #005: H5Dchunk.c line 2739 in H5D__chunk_cache_prune(): unable to preempt one or more raw data cache entry
    major: Low-level I/O
    minor: Unable to flush data from cache
  #006: H5Dchunk.c line 2606 in H5D__chunk_cache_evict(): cannot flush indexed storage buffer
    major: Low-level I/O
    minor: Write failed
  #007: H5Dchunk.c line 2534 in H5D__chunk_flush_entry(): unable to write raw data to file
    major: Dataset
    minor: Write failed
  #008: H5Fio.c line 158 in H5F_block_write(): write through metadata accumulator failed
    major: Low-level I/O
    minor: Write failed
  #009: H5Faccum.c line 816 in H5F_accum_write(): file write failed
    major: Low-level I/O
    minor: Write failed
  #010: H5FDint.c line 185 in H5FD_write(): driver write request failed
    major: Virtual File Layer
    minor: Write failed
  #011: H5FDsec2.c line 822 in H5FD_sec2_write(): file write failed: time = Mon Nov 17 06:00:57 2025
, filename = '/home/mattonim/psych_oajilore_chi_link/mattonim/rembrandt/data_hcp/14187/pfm/DistanceMatrixCortexOnly.mat', file descriptor = 788, errno = 122, error message = 'Disk quota exceeded', buf = 0x1552dad15c30, total write size = 15330, bytes this sub-write = 15330, bytes actually written = 18446744073709551615, offset = 4528
    major: Low-level I/O
    minor: Write failed
HDF5-DIAG: Error detected in HDF5 (1.8.12) thread 0:
  #000: H5FDint.c line 185 in H5FD_write(): driver write request failed
    major: Virtual File Layer
    minor: Write failed
  #001: H5FDsec2.c line 822 in H5FD_sec2_write(): file write failed: time = Mon Nov 17 06:00:57 2025
, filename = '/home/mattonim/psych_oajilore_chi_link/mattonim/rembrandt/data_hcp/14187/pfm/DistanceMatrixCortexOnly.mat', file descriptor = 788, errno = 122, error message = 'Disk quota exceeded', buf = 0x1552e13d11c0, total write size = 15680, bytes this sub-write = 15680, bytes actually written = 18446744073709551615, offset = 116849
    major: Low-level I/O
    minor: Write failed
  #002: H5Dchunk.c line 2534 in H5D__chunk_flush_entry(): unable to write raw data to file
    major: Dataset
    minor: Write failed
  #003: H5Fio.c line 158 in H5F_block_write(): write through metadata accumulator failed
    major: Low-level I/O
    minor: Write failed
  #004: H5Faccum.c line 816 in H5F_accum_write(): file write failed
    major: Low-level I/O
    minor: Write failed
  #005: H5FDint.c line 185 in H5FD_write(): driver write request failed
    major: Virtual File Layer
    minor: Write failed
  #006: H5FDsec2.c line 822 in H5FD_sec2_write(): file write failed: time = Mon Nov 17 06:00:57 2025
, filename = '/home/mattonim/psych_oajilore_chi_link/mattonim/rembrandt/data_hcp/14187/pfm/DistanceMatrixCortexOnly.mat', file descriptor = 788, errno = 122, error message = 'Disk quota exceeded', buf = 0x1552e13d11c0, total write size = 16203, bytes this sub-write = 16203, bytes actually written = 18446744073709551615, offset = 100646
    major: Low-level I/O
    minor: Write failed
  #007: H5Dchunk.c line 2534 in H5D__chunk_flush_entry(): unable to write raw data to file
    major: Dataset
    minor: Write failed
  #008: H5Fio.c line 158 in H5F_block_write(): write through metadata accumulator failed
    major: Low-level I/O
    minor: Write failed
  #009: H5Faccum.c line 816 in H5F_accum_write(): file write failed
    major: Low-level I/O
    minor: Write failed
  #010: H5FDint.c line 185 in H5FD_write(): driver write request failed
    major: Virtual File Layer
    minor: Write failed
  #011: H5FDsec2.c line 822 in H5FD_sec2_write(): file write failed: time = Mon Nov 17 06:00:57 2025
, filename = '/home/mattonim/psych_oajilore_chi_link/mattonim/rembrandt/data_hcp/14187/pfm/DistanceMatrixCortexOnly.mat', file descriptor = 788, errno = 122, error message = 'Disk quota exceeded', buf = 0x1552e13d11c0, total write size = 16234, bytes this sub-write = 16234, bytes actually written = 18446744073709551615, offset = 84412
    major: Low-level I/O
    minor: Write failed
  #012: H5Dchunk.c line 2534 in H5D__chunk_flush_entry(): unable to write raw data to file
    major: Dataset
    minor: Write failed
  #013: H5Fio.c line 158 in H5F_block_write(): write through metadata accumulator failed
    major: Low-level I/O
    minor: Write failed
  #014: H5Faccum.c line 816 in H5F_accum_write(): file write failed
    major: Low-level I/O
    minor: Write failed
  #015: H5FDint.c line 185 in H5FD_write(): driver write request failed
    major: Virtual File Layer
    minor: Write failed
  #016: H5FDsec2.c line 822 in H5FD_sec2_write(): file write failed: time = Mon Nov 17 06:00:57 2025
, filename = '/home/mattonim/psych_oajilore_chi_link/mattonim/rembrandt/data_hcp/14187/pfm/DistanceMatrixCortexOnly.mat', file descriptor = 788, errno = 122, error message = 'Disk quota exceeded', buf = 0x1552e13d11c0, total write size = 16278, bytes this sub-write = 16278, bytes actually written = 18446744073709551615, offset = 68134
    major: Low-level I/O
    minor: Write failed
  #017: H5Dchunk.c line 2534 in H5D__chunk_flush_entry(): unable to write raw data to file
    major: Dataset
    minor: Write failed
  #018: H5Fio.c line 158 in H5F_block_write(): write through metadata accumulator failed
    major: Low-level I/O
    minor: Write failed
  #019: H5Faccum.c line 816 in H5F_accum_write(): file write failed
    major: Low-level I/O
    minor: Write failed
  #020: H5FDint.c line 185 in H5FD_write(): driver write request failed
    major: Virtual File Layer
    minor: Write failed
  #021: H5FDsec2.c line 822 in H5FD_sec2_write(): file write failed: time = Mon Nov 17 06:00:57 2025
, filename = '/home/mattonim/psych_oajilore_chi_link/mattonim/rembrandt/data_hcp/14187/pfm/DistanceMatrixCortexOnly.mat', file descriptor = 788, errno = 122, error message = 'Disk quota exceeded', buf = 0x1552e13d11c0, total write size = 16183, bytes this sub-write = 16183, bytes actually written = 18446744073709551615, offset = 51951
    major: Low-level I/O
    minor: Write failed
  #022: H5Dchunk.c line 2534 in H5D__chunk_flush_entry(): unable to write raw data to file
    major: Dataset
    minor: Write failed
  #023: H5Fio.c line 158 in H5F_block_write(): write through metadata accumulator failed
    major: Low-level I/O
    minor: Write failed
  #024: H5Faccum.c line 816 in H5F_accum_write(): file write failed
    major: Low-level I/O
    minor: Write failed
  #025: H5FDint.c line 185 in H5FD_write(): driver write request failed
    major: Virtual File Layer
    minor: Write failed
  #026: H5FDsec2.c line 822 in H5FD_sec2_write(): file write failed: time = Mon Nov 17 06:00:57 2025
, filename = '/home/mattonim/psych_oajilore_chi_link/mattonim/rembrandt/data_hcp/14187/pfm/DistanceMatrixCortexOnly.mat', file descriptor = 788, errno = 122, error message = 'Disk quota exceeded', buf = 0x1552e13d11c0, total write size = 16291, bytes this sub-write = 16291, bytes actually written = 18446744073709551615, offset = 35660
    major: Low-level I/O
    minor: Write failed
  #027: H5Dchunk.c line 2534 in H5D__chunk_flush_entry(): unable to write raw data to file
    major: Dataset
    minor: Write failed
  #028: H5Fio.c line 158 in H5F_block_write(): write through metadata accumulator failed
    major: Low-level I/O
    minor: Write failed
  #029: H5Faccum.c line 816 in H5F_accum_write(): file write failed
    major: Low-level I/O
    minor: Write failed
  #030: H5FDint.c line 185 in H5FD_write(): driver write request failed
    major: Virtual File Layer
    minor: Write failed
  #031: H5FDsec2.c line 822 in H5FD_sec2_write(): file write failed: time = Mon Nov 17 06:00:57 2025
, filename = '/home/mattonim/psych_oajilore_chi_link/mattonim/rembrandt/data_hcp/14187/pfm/DistanceMatrixCortexOnly.mat', file descriptor = 788, errno = 122, error message = 'Disk quota exceeded', buf = 0x1552dad15c30, total write size = 15802, bytes this sub-write = 15802, bytes actually written = 18446744073709551615, offset = 19858
    major: Low-level I/O
    minor: Write failed
HDF5-DIAG: Error detected in HDF5 (1.8.12) thread 0:
  #000: H5F.c line 2061 in H5Fclose(): decrementing file ID failed
    major: Object atom
    minor: Unable to close file
  #001: H5I.c line 1479 in H5I_dec_app_ref(): can't decrement ID ref count
    major: Object atom
    minor: Unable to decrement reference count
  #002: H5F.c line 1838 in H5F_close(): can't close file
    major: File accessibilty
    minor: Unable to close file
  #003: H5F.c line 2000 in H5F_try_close(): problems closing file
    major: File accessibilty
    minor: Unable to close file
  #004: H5F.c line 1106 in H5F_dest(): problems closing file
    major: File accessibilty
    minor: Unable to release object
  #005: H5AC.c line 690 in H5AC_dest(): can't destroy cache
    major: Object cache
    minor: Unable to free object
  #006: H5C.c line 1405 in H5C_dest(): unable to flush cache
    major: Object cache
    minor: Unable to flush data from cache
  #007: H5C.c line 7292 in H5C_flush_invalidate_cache(): dirty entry flush destroy failed.
    major: Object cache
    minor: Unable to flush data from cache
  #008: H5C.c line 7753 in H5C_flush_single_entry(): unable to flush entry
    major: Object cache
    minor: Unable to flush data from cache
  #009: H5Fsuper_cache.c line 733 in H5F_sblock_flush(): unable to write superblock
    major: Low-level I/O
    minor: Write failed
  #010: H5FDint.c line 185 in H5FD_write(): driver write request failed
    major: Virtual File Layer
    minor: Write failed
  #011: H5FDsec2.c line 822 in H5FD_sec2_write(): file write failed: time = Mon Nov 17 06:00:58 2025
, filename = '/home/mattonim/psych_oajilore_chi_link/mattonim/rembrandt/data_hcp/14187/pfm/DistanceMatrixCortexOnly.mat', file descriptor = 788, errno = 122, error message = 'Disk quota exceeded', buf = 0x15549fff65b0, total write size = 96, bytes this sub-write = 96, bytes actually written = 18446744073709551615, offset = 512
    major: Low-level I/O
    minor: Write failed
  #012: H5F.c line 1069 in H5F_dest(): unable to flush cache
    major: Object cache
    minor: Unable to flush data from cache
  #013: H5F.c line 1763 in H5F_flush(): unable to flush metadata cache
    major: Object cache
    minor: Unable to flush data from cache
  #014: H5AC.c line 851 in H5AC_flush(): Can't flush cache.
    major: Object cache
    minor: Unable to flush data from cache
  #015: H5C.c line 1818 in H5C_flush_cache(): dirty pinned entry flush failed.
    major: Object cache
    minor: Unable to flush data from cache
  #016: H5C.c line 7753 in H5C_flush_single_entry(): unable to flush entry
    major: Object cache
    minor: Unable to flush data from cache
  #017: H5Fsuper_cache.c line 733 in H5F_sblock_flush(): unable to write superblock
    major: Low-level I/O
    minor: Write failed
  #018: H5FDint.c line 185 in H5FD_write(): driver write request failed
    major: Virtual File Layer
    minor: Write failed
  #019: H5FDsec2.c line 822 in H5FD_sec2_write(): file write failed: time = Mon Nov 17 06:00:58 2025
, filename = '/home/mattonim/psych_oajilore_chi_link/mattonim/rembrandt/data_hcp/14187/pfm/DistanceMatrixCortexOnly.mat', file descriptor = 788, errno = 122, error message = 'Disk quota exceeded', buf = 0x15549fff6580, total write size = 96, bytes this sub-write = 96, bytes actually written = 18446744073709551615, offset = 512
    major: Low-level I/O
    minor: Write failed
HDF5-DIAG: Error detected in HDF5 (1.8.12) thread 0:
  #000: H5Dio.c line 231 in H5Dwrite(): can't prepare for writing data
    major: Dataset
    minor: Write failed
  #001: H5Dio.c line 363 in H5D__pre_write(): can't write data
    major: Dataset
    minor: Write failed
  #002: H5Dio.c line 771 in H5D__write(): can't write data
    major: Dataset
    minor: Write failed
  #003: H5Dchunk.c line 1968 in H5D__chunk_write(): unable to read raw data chunk
    major: Low-level I/O
    minor: Read failed
  #004: H5Dchunk.c line 2953 in H5D__chunk_lock(): unable to preempt chunk(s) from cache
    major: Low-level I/O
    minor: Unable to initialize object
  #005: H5Dchunk.c line 2739 in H5D__chunk_cache_prune(): unable to preempt one or more raw data cache entry
    major: Low-level I/O
    minor: Unable to flush data from cache
  #006: H5Dchunk.c line 2606 in H5D__chunk_cache_evict(): cannot flush indexed storage buffer
    major: Low-level I/O
    minor: Write failed
  #007: H5Dchunk.c line 2534 in H5D__chunk_flush_entry(): unable to write raw data to file
    major: Dataset
    minor: Write failed
  #008: H5Fio.c line 158 in H5F_block_write(): write through metadata accumulator failed
    major: Low-level I/O
    minor: Write failed
  #009: H5Faccum.c line 816 in H5F_accum_write(): file write failed
    major: Low-level I/O
    minor: Write failed
  #010: H5FDint.c line 185 in H5FD_write(): driver write request failed
    major: Virtual File Layer
    minor: Write failed
  #011: H5FDsec2.c line 822 in H5FD_sec2_write(): file write failed: time = Mon Nov 17 06:01:06 2025
, filename = '/home/mattonim/psych_oajilore_chi_link/mattonim/rembrandt/data_hcp/14205/pfm/DistanceMatrixCortexOnly.mat', file descriptor = 788, errno = 122, error message = 'Disk quota exceeded', buf = 0x1552dacebab0, total write size = 15457, bytes this sub-write = 15457, bytes actually written = 18446744073709551615, offset = 4528
    major: Low-level I/O
    minor: Write failed
HDF5-DIAG: Error detected in HDF5 (1.8.12) thread 0:
  #000: H5Dio.c line 231 in H5Dwrite(): can't prepare for writing data
    major: Dataset
    minor: Write failed
  #001: H5Dio.c line 363 in H5D__pre_write(): can't write data
    major: Dataset
    minor: Write failed
  #002: H5Dio.c line 771 in H5D__write(): can't write data
    major: Dataset
    minor: Write failed
  #003: H5Dchunk.c line 1968 in H5D__chunk_write(): unable to read raw data chunk
    major: Low-level I/O
    minor: Read failed
  #004: H5Dchunk.c line 2953 in H5D__chunk_lock(): unable to preempt chunk(s) from cache
    major: Low-level I/O
    minor: Unable to initialize object
  #005: H5Dchunk.c line 2739 in H5D__chunk_cache_prune(): unable to preempt one or more raw data cache entry
    major: Low-level I/O
    minor: Unable to flush data from cache
  #006: H5Dchunk.c line 2606 in H5D__chunk_cache_evict(): cannot flush indexed storage buffer
    major: Low-level I/O
    minor: Write failed
  #007: H5Dchunk.c line 2534 in H5D__chunk_flush_entry(): unable to write raw data to file
    major: Dataset
    minor: Write failed
  #008: H5Fio.c line 158 in H5F_block_write(): write through metadata accumulator failed
    major: Low-level I/O
    minor: Write failed
  #009: H5Faccum.c line 816 in H5F_accum_write(): file write failed
    major: Low-level I/O
    minor: Write failed
  #010: H5FDint.c line 185 in H5FD_write(): driver write request failed
    major: Virtual File Layer
    minor: Write failed
  #011: H5FDsec2.c line 822 in H5FD_sec2_write(): file write failed: time = Mon Nov 17 06:38:56 2025
, filename = '/home/mattonim/psych_oajilore_chi_link/mattonim/rembrandt/data_hcp/14210/pfm/DistanceMatrixCortexOnly.mat', file descriptor = 788, errno = 122, error message = 'Disk quota exceeded', buf = 0x1552deba5830, total write size = 16002, bytes this sub-write = 16002, bytes actually written = 18446744073709551615, offset = 4528
    major: Low-level I/O
    minor: Write failed
HDF5-DIAG: Error detected in HDF5 (1.8.12) thread 0:
  #000: H5FDint.c line 185 in H5FD_write(): driver write request failed
    major: Virtual File Layer
    minor: Write failed
  #001: H5FDsec2.c line 822 in H5FD_sec2_write(): file write failed: time = Mon Nov 17 06:38:56 2025
, filename = '/home/mattonim/psych_oajilore_chi_link/mattonim/rembrandt/data_hcp/14210/pfm/DistanceMatrixCortexOnly.mat', file descriptor = 788, errno = 122, error message = 'Disk quota exceeded', buf = 0x1552e5260d00, total write size = 16214, bytes this sub-write = 16214, bytes actually written = 18446744073709551615, offset = 120430
    major: Low-level I/O
    minor: Write failed
  #002: H5Dchunk.c line 2534 in H5D__chunk_flush_entry(): unable to write raw data to file
    major: Dataset
    minor: Write failed
  #003: H5Fio.c line 158 in H5F_block_write(): write through metadata accumulator failed
    major: Low-level I/O
    minor: Write failed
  #004: H5Faccum.c line 816 in H5F_accum_write(): file write failed
    major: Low-level I/O
    minor: Write failed
  #005: H5FDint.c line 185 in H5FD_write(): driver write request failed
    major: Virtual File Layer
    minor: Write failed
  #006: H5FDsec2.c line 822 in H5FD_sec2_write(): file write failed: time = Mon Nov 17 06:38:56 2025
, filename = '/home/mattonim/psych_oajilore_chi_link/mattonim/rembrandt/data_hcp/14210/pfm/DistanceMatrixCortexOnly.mat', file descriptor = 788, errno = 122, error message = 'Disk quota exceeded', buf = 0x1552e5260d00, total write size = 16696, bytes this sub-write = 16696, bytes actually written = 18446744073709551615, offset = 103734
    major: Low-level I/O
    minor: Write failed
  #007: H5Dchunk.c line 2534 in H5D__chunk_flush_entry(): unable to write raw data to file
    major: Dataset
    minor: Write failed
  #008: H5Fio.c line 158 in H5F_block_write(): write through metadata accumulator failed
    major: Low-level I/O
    minor: Write failed
  #009: H5Faccum.c line 816 in H5F_accum_write(): file write failed
    major: Low-level I/O
    minor: Write failed
  #010: H5FDint.c line 185 in H5FD_write(): driver write request failed
    major: Virtual File Layer
    minor: Write failed
  #011: H5FDsec2.c line 822 in H5FD_sec2_write(): file write failed: time = Mon Nov 17 06:38:56 2025
, filename = '/home/mattonim/psych_oajilore_chi_link/mattonim/rembrandt/data_hcp/14210/pfm/DistanceMatrixCortexOnly.mat', file descriptor = 788, errno = 122, error message = 'Disk quota exceeded', buf = 0x1552e5260d00, total write size = 16584, bytes this sub-write = 16584, bytes actually written = 18446744073709551615, offset = 87150
    major: Low-level I/O
    minor: Write failed
  #012: H5Dchunk.c line 2534 in H5D__chunk_flush_entry(): unable to write raw data to file
    major: Dataset
    minor: Write failed
  #013: H5Fio.c line 158 in H5F_block_write(): write through metadata accumulator failed
    major: Low-level I/O
    minor: Write failed
  #014: H5Faccum.c line 816 in H5F_accum_write(): file write failed
    major: Low-level I/O
    minor: Write failed
  #015: H5FDint.c line 185 in H5FD_write(): driver write request failed
    major: Virtual File Layer
    minor: Write failed
  #016: H5FDsec2.c line 822 in H5FD_sec2_write(): file write failed: time = Mon Nov 17 06:38:56 2025
, filename = '/home/mattonim/psych_oajilore_chi_link/mattonim/rembrandt/data_hcp/14210/pfm/DistanceMatrixCortexOnly.mat', file descriptor = 788, errno = 122, error message = 'Disk quota exceeded', buf = 0x1552e5260d00, total write size = 16663, bytes this sub-write = 16663, bytes actually written = 18446744073709551615, offset = 70487
    major: Low-level I/O
    minor: Write failed
  #017: H5Dchunk.c line 2534 in H5D__chunk_flush_entry(): unable to write raw data to file
    major: Dataset
    minor: Write failed
  #018: H5Fio.c line 158 in H5F_block_write(): write through metadata accumulator failed
    major: Low-level I/O
    minor: Write failed
  #019: H5Faccum.c line 816 in H5F_accum_write(): file write failed
    major: Low-level I/O
    minor: Write failed
  #020: H5FDint.c line 185 in H5FD_write(): driver write request failed
    major: Virtual File Layer
    minor: Write failed
  #021: H5FDsec2.c line 822 in H5FD_sec2_write(): file write failed: time = Mon Nov 17 06:38:56 2025
, filename = '/home/mattonim/psych_oajilore_chi_link/mattonim/rembrandt/data_hcp/14210/pfm/DistanceMatrixCortexOnly.mat', file descriptor = 788, errno = 122, error message = 'Disk quota exceeded', buf = 0x1552e5260d00, total write size = 16786, bytes this sub-write = 16786, bytes actually written = 18446744073709551615, offset = 53701
    major: Low-level I/O
    minor: Write failed
  #022: H5Dchunk.c line 2534 in H5D__chunk_flush_entry(): unable to write raw data to file
    major: Dataset
    minor: Write failed
  #023: H5Fio.c line 158 in H5F_block_write(): write through metadata accumulator failed
    major: Low-level I/O
    minor: Write failed
  #024: H5Faccum.c line 816 in H5F_accum_write(): file write failed
    major: Low-level I/O
    minor: Write failed
  #025: H5FDint.c line 185 in H5FD_write(): driver write request failed
    major: Virtual File Layer
    minor: Write failed
  #026: H5FDsec2.c line 822 in H5FD_sec2_write(): file write failed: time = Mon Nov 17 06:38:56 2025
, filename = '/home/mattonim/psych_oajilore_chi_link/mattonim/rembrandt/data_hcp/14210/pfm/DistanceMatrixCortexOnly.mat', file descriptor = 788, errno = 122, error message = 'Disk quota exceeded', buf = 0x1552e5260d00, total write size = 16976, bytes this sub-write = 16976, bytes actually written = 18446744073709551615, offset = 36725
    major: Low-level I/O
    minor: Write failed
  #027: H5Dchunk.c line 2534 in H5D__chunk_flush_entry(): unable to write raw data to file
    major: Dataset
    minor: Write failed
  #028: H5Fio.c line 158 in H5F_block_write(): write through metadata accumulator failed
    major: Low-level I/O
    minor: Write failed
  #029: H5Faccum.c line 816 in H5F_accum_write(): file write failed
    major: Low-level I/O
    minor: Write failed
  #030: H5FDint.c line 185 in H5FD_write(): driver write request failed
    major: Virtual File Layer
    minor: Write failed
  #031: H5FDsec2.c line 822 in H5FD_sec2_write(): file write failed: time = Mon Nov 17 06:38:56 2025
, filename = '/home/mattonim/psych_oajilore_chi_link/mattonim/rembrandt/data_hcp/14210/pfm/DistanceMatrixCortexOnly.mat', file descriptor = 788, errno = 122, error message = 'Disk quota exceeded', buf = 0x1552deba5830, total write size = 16195, bytes this sub-write = 16195, bytes actually written = 18446744073709551615, offset = 20530
    major: Low-level I/O
    minor: Write failed
HDF5-DIAG: Error detected in HDF5 (1.8.12) thread 0:
  #000: H5F.c line 2061 in H5Fclose(): decrementing file ID failed
    major: Object atom
    minor: Unable to close file
  #001: H5I.c line 1479 in H5I_dec_app_ref(): can't decrement ID ref count
    major: Object atom
    minor: Unable to decrement reference count
  #002: H5F.c line 1838 in H5F_close(): can't close file
    major: File accessibilty
    minor: Unable to close file
  #003: H5F.c line 2000 in H5F_try_close(): problems closing file
    major: File accessibilty
    minor: Unable to close file
  #004: H5F.c line 1106 in H5F_dest(): problems closing file
    major: File accessibilty
    minor: Unable to release object
  #005: H5AC.c line 690 in H5AC_dest(): can't destroy cache
    major: Object cache
    minor: Unable to free object
  #006: H5C.c line 1405 in H5C_dest(): unable to flush cache
    major: Object cache
    minor: Unable to flush data from cache
  #007: H5C.c line 7292 in H5C_flush_invalidate_cache(): dirty entry flush destroy failed.
    major: Object cache
    minor: Unable to flush data from cache
  #008: H5C.c line 7753 in H5C_flush_single_entry(): unable to flush entry
    major: Object cache
    minor: Unable to flush data from cache
  #009: H5Fsuper_cache.c line 733 in H5F_sblock_flush(): unable to write superblock
    major: Low-level I/O
    minor: Write failed
  #010: H5FDint.c line 185 in H5FD_write(): driver write request failed
    major: Virtual File Layer
    minor: Write failed
  #011: H5FDsec2.c line 822 in H5FD_sec2_write(): file write failed: time = Mon Nov 17 06:38:56 2025
, filename = '/home/mattonim/psych_oajilore_chi_link/mattonim/rembrandt/data_hcp/14210/pfm/DistanceMatrixCortexOnly.mat', file descriptor = 788, errno = 122, error message = 'Disk quota exceeded', buf = 0x15549fff65b0, total write size = 96, bytes this sub-write = 96, bytes actually written = 18446744073709551615, offset = 512
    major: Low-level I/O
    minor: Write failed
  #012: H5F.c line 1069 in H5F_dest(): unable to flush cache
    major: Object cache
    minor: Unable to flush data from cache
  #013: H5F.c line 1763 in H5F_flush(): unable to flush metadata cache
    major: Object cache
    minor: Unable to flush data from cache
  #014: H5AC.c line 851 in H5AC_flush(): Can't flush cache.
    major: Object cache
    minor: Unable to flush data from cache
  #015: H5C.c line 1818 in H5C_flush_cache(): dirty pinned entry flush failed.
    major: Object cache
    minor: Unable to flush data from cache
  #016: H5C.c line 7753 in H5C_flush_single_entry(): unable to flush entry
    major: Object cache
    minor: Unable to flush data from cache
  #017: H5Fsuper_cache.c line 733 in H5F_sblock_flush(): unable to write superblock
    major: Low-level I/O
    minor: Write failed
  #018: H5FDint.c line 185 in H5FD_write(): driver write request failed
    major: Virtual File Layer
    minor: Write failed
  #019: H5FDsec2.c line 822 in H5FD_sec2_write(): file write failed: time = Mon Nov 17 06:38:56 2025
, filename = '/home/mattonim/psych_oajilore_chi_link/mattonim/rembrandt/data_hcp/14210/pfm/DistanceMatrixCortexOnly.mat', file descriptor = 788, errno = 122, error message = 'Disk quota exceeded', buf = 0x15549fff6580, total write size = 96, bytes this sub-write = 96, bytes actually written = 18446744073709551615, offset = 512
    major: Low-level I/O
    minor: Write failed
HDF5-DIAG: Error detected in HDF5 (1.8.12) thread 0:
  #000: H5Dio.c line 231 in H5Dwrite(): can't prepare for writing data
    major: Dataset
    minor: Write failed
  #001: H5Dio.c line 363 in H5D__pre_write(): can't write data
    major: Dataset
    minor: Write failed
  #002: H5Dio.c line 771 in H5D__write(): can't write data
    major: Dataset
    minor: Write failed
  #003: H5Dchunk.c line 1968 in H5D__chunk_write(): unable to read raw data chunk
    major: Low-level I/O
    minor: Read failed
  #004: H5Dchunk.c line 2953 in H5D__chunk_lock(): unable to preempt chunk(s) from cache
    major: Low-level I/O
    minor: Unable to initialize object
  #005: H5Dchunk.c line 2739 in H5D__chunk_cache_prune(): unable to preempt one or more raw data cache entry
    major: Low-level I/O
    minor: Unable to flush data from cache
  #006: H5Dchunk.c line 2606 in H5D__chunk_cache_evict(): cannot flush indexed storage buffer
    major: Low-level I/O
    minor: Write failed
  #007: H5Dchunk.c line 2534 in H5D__chunk_flush_entry(): unable to write raw data to file
    major: Dataset
    minor: Write failed
  #008: H5Fio.c line 158 in H5F_block_write(): write through metadata accumulator failed
    major: Low-level I/O
    minor: Write failed
  #009: H5Faccum.c line 816 in H5F_accum_write(): file write failed
    major: Low-level I/O
    minor: Write failed
  #010: H5FDint.c line 185 in H5FD_write(): driver write request failed
    major: Virtual File Layer
    minor: Write failed
  #011: H5FDsec2.c line 822 in H5FD_sec2_write(): file write failed: time = Mon Nov 17 06:40:20 2025
, filename = '/home/mattonim/psych_oajilore_chi_link/mattonim/rembrandt/data_hcp/14206/pfm/DistanceMatrixCortexOnly.mat', file descriptor = 788, errno = 122, error message = 'Disk quota exceeded', buf = 0x1552d6ce90b0, total write size = 15566, bytes this sub-write = 15566, bytes actually written = 18446744073709551615, offset = 4528
    major: Low-level I/O
    minor: Write failed
HDF5-DIAG: Error detected in HDF5 (1.8.12) thread 0:
  #000: H5FDint.c line 185 in H5FD_write(): driver write request failed
    major: Virtual File Layer
    minor: Write failed
  #001: H5FDsec2.c line 822 in H5FD_sec2_write(): file write failed: time = Mon Nov 17 06:40:20 2025
, filename = '/home/mattonim/psych_oajilore_chi_link/mattonim/rembrandt/data_hcp/14206/pfm/DistanceMatrixCortexOnly.mat', file descriptor = 788, errno = 122, error message = 'Disk quota exceeded', buf = 0x1552dd3a4520, total write size = 15827, bytes this sub-write = 15827, bytes actually written = 18446744073709551615, offset = 117611
    major: Low-level I/O
    minor: Write failed
  #002: H5Dchunk.c line 2534 in H5D__chunk_flush_entry(): unable to write raw data to file
    major: Dataset
    minor: Write failed
  #003: H5Fio.c line 158 in H5F_block_write(): write through metadata accumulator failed
    major: Low-level I/O
    minor: Write failed
  #004: H5Faccum.c line 816 in H5F_accum_write(): file write failed
    major: Low-level I/O
    minor: Write failed
  #005: H5FDint.c line 185 in H5FD_write(): driver write request failed
    major: Virtual File Layer
    minor: Write failed
  #006: H5FDsec2.c line 822 in H5FD_sec2_write(): file write failed: time = Mon Nov 17 06:40:20 2025
, filename = '/home/mattonim/psych_oajilore_chi_link/mattonim/rembrandt/data_hcp/14206/pfm/DistanceMatrixCortexOnly.mat', file descriptor = 788, errno = 122, error message = 'Disk quota exceeded', buf = 0x1552dd3a4520, total write size = 16296, bytes this sub-write = 16296, bytes actually written = 18446744073709551615, offset = 101315
    major: Low-level I/O
    minor: Write failed
  #007: H5Dchunk.c line 2534 in H5D__chunk_flush_entry(): unable to write raw data to file
    major: Dataset
    minor: Write failed
  #008: H5Fio.c line 158 in H5F_block_write(): write through metadata accumulator failed
    major: Low-level I/O
    minor: Write failed
  #009: H5Faccum.c line 816 in H5F_accum_write(): file write failed
    major: Low-level I/O
    minor: Write failed
  #010: H5FDint.c line 185 in H5FD_write(): driver write request failed
    major: Virtual File Layer
    minor: Write failed
  #011: H5FDsec2.c line 822 in H5FD_sec2_write(): file write failed: time = Mon Nov 17 06:40:20 2025
, filename = '/home/mattonim/psych_oajilore_chi_link/mattonim/rembrandt/data_hcp/14206/pfm/DistanceMatrixCortexOnly.mat', file descriptor = 788, errno = 122, error message = 'Disk quota exceeded', buf = 0x1552dd3a4520, total write size = 16106, bytes this sub-write = 16106, bytes actually written = 18446744073709551615, offset = 85209
    major: Low-level I/O
    minor: Write failed
  #012: H5Dchunk.c line 2534 in H5D__chunk_flush_entry(): unable to write raw data to file
    major: Dataset
    minor: Write failed
  #013: H5Fio.c line 158 in H5F_block_write(): write through metadata accumulator failed
    major: Low-level I/O
    minor: Write failed
  #014: H5Faccum.c line 816 in H5F_accum_write(): file write failed
    major: Low-level I/O
    minor: Write failed
  #015: H5FDint.c line 185 in H5FD_write(): driver write request failed
    major: Virtual File Layer
    minor: Write failed
  #016: H5FDsec2.c line 822 in H5FD_sec2_write(): file write failed: time = Mon Nov 17 06:40:20 2025
, filename = '/home/mattonim/psych_oajilore_chi_link/mattonim/rembrandt/data_hcp/14206/pfm/DistanceMatrixCortexOnly.mat', file descriptor = 788, errno = 122, error message = 'Disk quota exceeded', buf = 0x1552dd3a4520, total write size = 16420, bytes this sub-write = 16420, bytes actually written = 18446744073709551615, offset = 68789
    major: Low-level I/O
    minor: Write failed
  #017: H5Dchunk.c line 2534 in H5D__chunk_flush_entry(): unable to write raw data to file
    major: Dataset
    minor: Write failed
  #018: H5Fio.c line 158 in H5F_block_write(): write through metadata accumulator failed
    major: Low-level I/O
    minor: Write failed
  #019: H5Faccum.c line 816 in H5F_accum_write(): file write failed
    major: Low-level I/O
    minor: Write failed
  #020: H5FDint.c line 185 in H5FD_write(): driver write request failed
    major: Virtual File Layer
    minor: Write failed
  #021: H5FDsec2.c line 822 in H5FD_sec2_write(): file write failed: time = Mon Nov 17 06:40:20 2025
, filename = '/home/mattonim/psych_oajilore_chi_link/mattonim/rembrandt/data_hcp/14206/pfm/DistanceMatrixCortexOnly.mat', file descriptor = 788, errno = 122, error message = 'Disk quota exceeded', buf = 0x1552dd3a4520, total write size = 16301, bytes this sub-write = 16301, bytes actually written = 18446744073709551615, offset = 52488
    major: Low-level I/O
    minor: Write failed
  #022: H5Dchunk.c line 2534 in H5D__chunk_flush_entry(): unable to write raw data to file
    major: Dataset
    minor: Write failed
  #023: H5Fio.c line 158 in H5F_block_write(): write through metadata accumulator failed
    major: Low-level I/O
    minor: Write failed
  #024: H5Faccum.c line 816 in H5F_accum_write(): file write failed
    major: Low-level I/O
    minor: Write failed
  #025: H5FDint.c line 185 in H5FD_write(): driver write request failed
    major: Virtual File Layer
    minor: Write failed
  #026: H5FDsec2.c line 822 in H5FD_sec2_write(): file write failed: time = Mon Nov 17 06:40:20 2025
, filename = '/home/mattonim/psych_oajilore_chi_link/mattonim/rembrandt/data_hcp/14206/pfm/DistanceMatrixCortexOnly.mat', file descriptor = 788, errno = 122, error message = 'Disk quota exceeded', buf = 0x1552dd3a4520, total write size = 16450, bytes this sub-write = 16450, bytes actually written = 18446744073709551615, offset = 36038
    major: Low-level I/O
    minor: Write failed
  #027: H5Dchunk.c line 2534 in H5D__chunk_flush_entry(): unable to write raw data to file
    major: Dataset
    minor: Write failed
  #028: H5Fio.c line 158 in H5F_block_write(): write through metadata accumulator failed
    major: Low-level I/O
    minor: Write failed
  #029: H5Faccum.c line 816 in H5F_accum_write(): file write failed
    major: Low-level I/O
    minor: Write failed
  #030: H5FDint.c line 185 in H5FD_write(): driver write request failed
    major: Virtual File Layer
    minor: Write failed
  #031: H5FDsec2.c line 822 in H5FD_sec2_write(): file write failed: time = Mon Nov 17 06:40:20 2025
, filename = '/home/mattonim/psych_oajilore_chi_link/mattonim/rembrandt/data_hcp/14206/pfm/DistanceMatrixCortexOnly.mat', file descriptor = 788, errno = 122, error message = 'Disk quota exceeded', buf = 0x1552d6ce90b0, total write size = 15944, bytes this sub-write = 15944, bytes actually written = 18446744073709551615, offset = 20094
    major: Low-level I/O
    minor: Write failed
HDF5-DIAG: Error detected in HDF5 (1.8.12) thread 0:
  #000: H5F.c line 2061 in H5Fclose(): decrementing file ID failed
    major: Object atom
    minor: Unable to close file
  #001: H5I.c line 1479 in H5I_dec_app_ref(): can't decrement ID ref count
    major: Object atom
    minor: Unable to decrement reference count
  #002: H5F.c line 1838 in H5F_close(): can't close file
    major: File accessibilty
    minor: Unable to close file
  #003: H5F.c line 2000 in H5F_try_close(): problems closing file
    major: File accessibilty
    minor: Unable to close file
  #004: H5F.c line 1106 in H5F_dest(): problems closing file
    major: File accessibilty
    minor: Unable to release object
  #005: H5AC.c line 690 in H5AC_dest(): can't destroy cache
    major: Object cache
    minor: Unable to free object
  #006: H5C.c line 1405 in H5C_dest(): unable to flush cache
    major: Object cache
    minor: Unable to flush data from cache
  #007: H5C.c line 7292 in H5C_flush_invalidate_cache(): dirty entry flush destroy failed.
    major: Object cache
    minor: Unable to flush data from cache
  #008: H5C.c line 7753 in H5C_flush_single_entry(): unable to flush entry
    major: Object cache
    minor: Unable to flush data from cache
  #009: H5Fsuper_cache.c line 733 in H5F_sblock_flush(): unable to write superblock
    major: Low-level I/O
    minor: Write failed
  #010: H5FDint.c line 185 in H5FD_write(): driver write request failed
    major: Virtual File Layer
    minor: Write failed
  #011: H5FDsec2.c line 822 in H5FD_sec2_write(): file write failed: time = Mon Nov 17 06:40:20 2025
, filename = '/home/mattonim/psych_oajilore_chi_link/mattonim/rembrandt/data_hcp/14206/pfm/DistanceMatrixCortexOnly.mat', file descriptor = 788, errno = 122, error message = 'Disk quota exceeded', buf = 0x15549bff65b0, total write size = 96, bytes this sub-write = 96, bytes actually written = 18446744073709551615, offset = 512
    major: Low-level I/O
    minor: Write failed
  #012: H5F.c line 1069 in H5F_dest(): unable to flush cache
    major: Object cache
    minor: Unable to flush data from cache
  #013: H5F.c line 1763 in H5F_flush(): unable to flush metadata cache
    major: Object cache
    minor: Unable to flush data from cache
  #014: H5AC.c line 851 in H5AC_flush(): Can't flush cache.
    major: Object cache
    minor: Unable to flush data from cache
  #015: H5C.c line 1818 in H5C_flush_cache(): dirty pinned entry flush failed.
    major: Object cache
    minor: Unable to flush data from cache
  #016: H5C.c line 7753 in H5C_flush_single_entry(): unable to flush entry
    major: Object cache
    minor: Unable to flush data from cache
  #017: H5Fsuper_cache.c line 733 in H5F_sblock_flush(): unable to write superblock
    major: Low-level I/O
    minor: Write failed
  #018: H5FDint.c line 185 in H5FD_write(): driver write request failed
    major: Virtual File Layer
    minor: Write failed
  #019: H5FDsec2.c line 822 in H5FD_sec2_write(): file write failed: time = Mon Nov 17 06:40:20 2025
, filename = '/home/mattonim/psych_oajilore_chi_link/mattonim/rembrandt/data_hcp/14206/pfm/DistanceMatrixCortexOnly.mat', file descriptor = 788, errno = 122, error message = 'Disk quota exceeded', buf = 0x15549bff6580, total write size = 96, bytes this sub-write = 96, bytes actually written = 18446744073709551615, offset = 512
    major: Low-level I/O
    minor: Write failed
HDF5-DIAG: Error detected in HDF5 (1.8.12) thread 0:
  #000: H5Dio.c line 231 in H5Dwrite(): can't prepare for writing data
    major: Dataset
    minor: Write failed
  #001: H5Dio.c line 363 in H5D__pre_write(): can't write data
    major: Dataset
    minor: Write failed
  #002: H5Dio.c line 771 in H5D__write(): can't write data
    major: Dataset
    minor: Write failed
  #003: H5Dchunk.c line 1968 in H5D__chunk_write(): unable to read raw data chunk
    major: Low-level I/O
    minor: Read failed
  #004: H5Dchunk.c line 2953 in H5D__chunk_lock(): unable to preempt chunk(s) from cache
    major: Low-level I/O
    minor: Unable to initialize object
  #005: H5Dchunk.c line 2739 in H5D__chunk_cache_prune(): unable to preempt one or more raw data cache entry
    major: Low-level I/O
    minor: Unable to flush data from cache
  #006: H5Dchunk.c line 2606 in H5D__chunk_cache_evict(): cannot flush indexed storage buffer
    major: Low-level I/O
    minor: Write failed
  #007: H5Dchunk.c line 2534 in H5D__chunk_flush_entry(): unable to write raw data to file
    major: Dataset
    minor: Write failed
  #008: H5Fio.c line 158 in H5F_block_write(): write through metadata accumulator failed
    major: Low-level I/O
    minor: Write failed
  #009: H5Faccum.c line 816 in H5F_accum_write(): file write failed
    major: Low-level I/O
    minor: Write failed
  #010: H5FDint.c line 185 in H5FD_write(): driver write request failed
    major: Virtual File Layer
    minor: Write failed
  #011: H5FDsec2.c line 822 in H5FD_sec2_write(): file write failed: time = Mon Nov 17 07:17:56 2025
, filename = '/home/mattonim/psych_oajilore_chi_link/mattonim/rembrandt/data_hcp/14211/pfm/DistanceMatrixCortexOnly.mat', file descriptor = 787, errno = 122, error message = 'Disk quota exceeded', buf = 0x1552d6d02050, total write size = 15627, bytes this sub-write = 15627, bytes actually written = 18446744073709551615, offset = 4528
    major: Low-level I/O
    minor: Write failed
HDF5-DIAG: Error detected in HDF5 (1.8.12) thread 0:
  #000: H5Dio.c line 231 in H5Dwrite(): can't prepare for writing data
    major: Dataset
    minor: Write failed
  #001: H5Dio.c line 363 in H5D__pre_write(): can't write data
    major: Dataset
    minor: Write failed
  #002: H5Dio.c line 771 in H5D__write(): can't write data
    major: Dataset
    minor: Write failed
  #003: H5Dchunk.c line 1968 in H5D__chunk_write(): unable to read raw data chunk
    major: Low-level I/O
    minor: Read failed
  #004: H5Dchunk.c line 2953 in H5D__chunk_lock(): unable to preempt chunk(s) from cache
    major: Low-level I/O
    minor: Unable to initialize object
  #005: H5Dchunk.c line 2739 in H5D__chunk_cache_prune(): unable to preempt one or more raw data cache entry
    major: Low-level I/O
    minor: Unable to flush data from cache
  #006: H5Dchunk.c line 2606 in H5D__chunk_cache_evict(): cannot flush indexed storage buffer
    major: Low-level I/O
    minor: Write failed
  #007: H5Dchunk.c line 2534 in H5D__chunk_flush_entry(): unable to write raw data to file
    major: Dataset
    minor: Write failed
  #008: H5Fio.c line 158 in H5F_block_write(): write through metadata accumulator failed
    major: Low-level I/O
    minor: Write failed
  #009: H5Faccum.c line 816 in H5F_accum_write(): file write failed
    major: Low-level I/O
    minor: Write failed
  #010: H5FDint.c line 185 in H5FD_write(): driver write request failed
    major: Virtual File Layer
    minor: Write failed
  #011: H5FDsec2.c line 822 in H5FD_sec2_write(): file write failed: time = Mon Nov 17 07:19:11 2025
, filename = '/home/mattonim/psych_oajilore_chi_link/mattonim/rembrandt/data_hcp/14213/pfm/DistanceMatrixCortexOnly.mat', file descriptor = 788, errno = 122, error message = 'Disk quota exceeded', buf = 0x1552d2d2bfb0, total write size = 15119, bytes this sub-write = 15119, bytes actually written = 18446744073709551615, offset = 4528
    major: Low-level I/O
    minor: Write failed
HDF5-DIAG: Error detected in HDF5 (1.8.12) thread 0:
  #000: H5Dio.c line 231 in H5Dwrite(): can't prepare for writing data
    major: Dataset
    minor: Write failed
  #001: H5Dio.c line 363 in H5D__pre_write(): can't write data
    major: Dataset
    minor: Write failed
  #002: H5Dio.c line 771 in H5D__write(): can't write data
    major: Dataset
    minor: Write failed
  #003: H5Dchunk.c line 1968 in H5D__chunk_write(): unable to read raw data chunk
    major: Low-level I/O
    minor: Read failed
  #004: H5Dchunk.c line 2953 in H5D__chunk_lock(): unable to preempt chunk(s) from cache
    major: Low-level I/O
    minor: Unable to initialize object
  #005: H5Dchunk.c line 2739 in H5D__chunk_cache_prune(): unable to preempt one or more raw data cache entry
    major: Low-level I/O
    minor: Unable to flush data from cache
  #006: H5Dchunk.c line 2606 in H5D__chunk_cache_evict(): cannot flush indexed storage buffer
    major: Low-level I/O
    minor: Write failed
  #007: H5Dchunk.c line 2534 in H5D__chunk_flush_entry(): unable to write raw data to file
    major: Dataset
    minor: Write failed
  #008: H5Fio.c line 158 in H5F_block_write(): write through metadata accumulator failed
    major: Low-level I/O
    minor: Write failed
  #009: H5Faccum.c line 816 in H5F_accum_write(): file write failed
    major: Low-level I/O
    minor: Write failed
  #010: H5FDint.c line 185 in H5FD_write(): driver write request failed
    major: Virtual File Layer
    minor: Write failed
  #011: H5FDsec2.c line 822 in H5FD_sec2_write(): file write failed: time = Mon Nov 17 07:55:39 2025
, filename = '/home/mattonim/psych_oajilore_chi_link/mattonim/rembrandt/data_hcp/14226/pfm/DistanceMatrixCortexOnly.mat', file descriptor = 788, errno = 122, error message = 'Disk quota exceeded', buf = 0x1552dacfab30, total write size = 15511, bytes this sub-write = 15511, bytes actually written = 18446744073709551615, offset = 4528
    major: Low-level I/O
    minor: Write failed
HDF5-DIAG: Error detected in HDF5 (1.8.12) thread 0:
  #000: H5FDint.c line 185 in H5FD_write(): driver write request failed
    major: Virtual File Layer
    minor: Write failed
  #001: H5FDsec2.c line 822 in H5FD_sec2_write(): file write failed: time = Mon Nov 17 07:55:39 2025
, filename = '/home/mattonim/psych_oajilore_chi_link/mattonim/rembrandt/data_hcp/14226/pfm/DistanceMatrixCortexOnly.mat', file descriptor = 788, errno = 122, error message = 'Disk quota exceeded', buf = 0x1552e13b60f0, total write size = 15578, bytes this sub-write = 15578, bytes actually written = 18446744073709551615, offset = 116690
    major: Low-level I/O
    minor: Write failed
  #002: H5Dchunk.c line 2534 in H5D__chunk_flush_entry(): unable to write raw data to file
    major: Dataset
    minor: Write failed
  #003: H5Fio.c line 158 in H5F_block_write(): write through metadata accumulator failed
    major: Low-level I/O
    minor: Write failed
  #004: H5Faccum.c line 816 in H5F_accum_write(): file write failed
    major: Low-level I/O
    minor: Write failed
  #005: H5FDint.c line 185 in H5FD_write(): driver write request failed
    major: Virtual File Layer
    minor: Write failed
  #006: H5FDsec2.c line 822 in H5FD_sec2_write(): file write failed: time = Mon Nov 17 07:55:39 2025
, filename = '/home/mattonim/psych_oajilore_chi_link/mattonim/rembrandt/data_hcp/14226/pfm/DistanceMatrixCortexOnly.mat', file descriptor = 788, errno = 122, error message = 'Disk quota exceeded', buf = 0x1552e13b60f0, total write size = 16152, bytes this sub-write = 16152, bytes actually written = 18446744073709551615, offset = 100538
    major: Low-level I/O
    minor: Write failed
  #007: H5Dchunk.c line 2534 in H5D__chunk_flush_entry(): unable to write raw data to file
    major: Dataset
    minor: Write failed
  #008: H5Fio.c line 158 in H5F_block_write(): write through metadata accumulator failed
    major: Low-level I/O
    minor: Write failed
  #009: H5Faccum.c line 816 in H5F_accum_write(): file write failed
    major: Low-level I/O
    minor: Write failed
  #010: H5FDint.c line 185 in H5FD_write(): driver write request failed
    major: Virtual File Layer
    minor: Write failed
  #011: H5FDsec2.c line 822 in H5FD_sec2_write(): file write failed: time = Mon Nov 17 07:55:39 2025
, filename = '/home/mattonim/psych_oajilore_chi_link/mattonim/rembrandt/data_hcp/14226/pfm/DistanceMatrixCortexOnly.mat', file descriptor = 788, errno = 122, error message = 'Disk quota exceeded', buf = 0x1552e13b60f0, total write size = 16156, bytes this sub-write = 16156, bytes actually written = 18446744073709551615, offset = 84382
    major: Low-level I/O
    minor: Write failed
  #012: H5Dchunk.c line 2534 in H5D__chunk_flush_entry(): unable to write raw data to file
    major: Dataset
    minor: Write failed
  #013: H5Fio.c line 158 in H5F_block_write(): write through metadata accumulator failed
    major: Low-level I/O
    minor: Write failed
  #014: H5Faccum.c line 816 in H5F_accum_write(): file write failed
    major: Low-level I/O
    minor: Write failed
  #015: H5FDint.c line 185 in H5FD_write(): driver write request failed
    major: Virtual File Layer
    minor: Write failed
  #016: H5FDsec2.c line 822 in H5FD_sec2_write(): file write failed: time = Mon Nov 17 07:55:39 2025
, filename = '/home/mattonim/psych_oajilore_chi_link/mattonim/rembrandt/data_hcp/14226/pfm/DistanceMatrixCortexOnly.mat', file descriptor = 788, errno = 122, error message = 'Disk quota exceeded', buf = 0x1552e13b60f0, total write size = 16189, bytes this sub-write = 16189, bytes actually written = 18446744073709551615, offset = 68193
    major: Low-level I/O
    minor: Write failed
  #017: H5Dchunk.c line 2534 in H5D__chunk_flush_entry(): unable to write raw data to file
    major: Dataset
    minor: Write failed
  #018: H5Fio.c line 158 in H5F_block_write(): write through metadata accumulator failed
    major: Low-level I/O
    minor: Write failed
  #019: H5Faccum.c line 816 in H5F_accum_write(): file write failed
    major: Low-level I/O
    minor: Write failed
  #020: H5FDint.c line 185 in H5FD_write(): driver write request failed
    major: Virtual File Layer
    minor: Write failed
  #021: H5FDsec2.c line 822 in H5FD_sec2_write(): file write failed: time = Mon Nov 17 07:55:39 2025
, filename = '/home/mattonim/psych_oajilore_chi_link/mattonim/rembrandt/data_hcp/14226/pfm/DistanceMatrixCortexOnly.mat', file descriptor = 788, errno = 122, error message = 'Disk quota exceeded', buf = 0x1552e13b60f0, total write size = 16146, bytes this sub-write = 16146, bytes actually written = 18446744073709551615, offset = 52047
    major: Low-level I/O
    minor: Write failed
  #022: H5Dchunk.c line 2534 in H5D__chunk_flush_entry(): unable to write raw data to file
    major: Dataset
    minor: Write failed
  #023: H5Fio.c line 158 in H5F_block_write(): write through metadata accumulator failed
    major: Low-level I/O
    minor: Write failed
  #024: H5Faccum.c line 816 in H5F_accum_write(): file write failed
    major: Low-level I/O
    minor: Write failed
  #025: H5FDint.c line 185 in H5FD_write(): driver write request failed
    major: Virtual File Layer
    minor: Write failed
  #026: H5FDsec2.c line 822 in H5FD_sec2_write(): file write failed: time = Mon Nov 17 07:55:39 2025
, filename = '/home/mattonim/psych_oajilore_chi_link/mattonim/rembrandt/data_hcp/14226/pfm/DistanceMatrixCortexOnly.mat', file descriptor = 788, errno = 122, error message = 'Disk quota exceeded', buf = 0x1552e13b60f0, total write size = 16147, bytes this sub-write = 16147, bytes actually written = 18446744073709551615, offset = 35900
    major: Low-level I/O
    minor: Write failed
  #027: H5Dchunk.c line 2534 in H5D__chunk_flush_entry(): unable to write raw data to file
    major: Dataset
    minor: Write failed
  #028: H5Fio.c line 158 in H5F_block_write(): write through metadata accumulator failed
    major: Low-level I/O
    minor: Write failed
  #029: H5Faccum.c line 816 in H5F_accum_write(): file write failed
    major: Low-level I/O
    minor: Write failed
  #030: H5FDint.c line 185 in H5FD_write(): driver write request failed
    major: Virtual File Layer
    minor: Write failed
  #031: H5FDsec2.c line 822 in H5FD_sec2_write(): file write failed: time = Mon Nov 17 07:55:39 2025
, filename = '/home/mattonim/psych_oajilore_chi_link/mattonim/rembrandt/data_hcp/14226/pfm/DistanceMatrixCortexOnly.mat', file descriptor = 788, errno = 122, error message = 'Disk quota exceeded', buf = 0x1552dacfab30, total write size = 15861, bytes this sub-write = 15861, bytes actually written = 18446744073709551615, offset = 20039
    major: Low-level I/O
    minor: Write failed
HDF5-DIAG: Error detected in HDF5 (1.8.12) thread 0:
  #000: H5F.c line 2061 in H5Fclose(): decrementing file ID failed
    major: Object atom
    minor: Unable to close file
  #001: H5I.c line 1479 in H5I_dec_app_ref(): can't decrement ID ref count
    major: Object atom
    minor: Unable to decrement reference count
  #002: H5F.c line 1838 in H5F_close(): can't close file
    major: File accessibilty
    minor: Unable to close file
  #003: H5F.c line 2000 in H5F_try_close(): problems closing file
    major: File accessibilty
    minor: Unable to close file
  #004: H5F.c line 1106 in H5F_dest(): problems closing file
    major: File accessibilty
    minor: Unable to release object
  #005: H5AC.c line 690 in H5AC_dest(): can't destroy cache
    major: Object cache
    minor: Unable to free object
  #006: H5C.c line 1405 in H5C_dest(): unable to flush cache
    major: Object cache
    minor: Unable to flush data from cache
  #007: H5C.c line 7292 in H5C_flush_invalidate_cache(): dirty entry flush destroy failed.
    major: Object cache
    minor: Unable to flush data from cache
  #008: H5C.c line 7753 in H5C_flush_single_entry(): unable to flush entry
    major: Object cache
    minor: Unable to flush data from cache
  #009: H5Fsuper_cache.c line 733 in H5F_sblock_flush(): unable to write superblock
    major: Low-level I/O
    minor: Write failed
  #010: H5FDint.c line 185 in H5FD_write(): driver write request failed
    major: Virtual File Layer
    minor: Write failed
  #011: H5FDsec2.c line 822 in H5FD_sec2_write(): file write failed: time = Mon Nov 17 07:55:40 2025
, filename = '/home/mattonim/psych_oajilore_chi_link/mattonim/rembrandt/data_hcp/14226/pfm/DistanceMatrixCortexOnly.mat', file descriptor = 788, errno = 122, error message = 'Disk quota exceeded', buf = 0x15549fff65b0, total write size = 96, bytes this sub-write = 96, bytes actually written = 18446744073709551615, offset = 512
    major: Low-level I/O
    minor: Write failed
  #012: H5F.c line 1069 in H5F_dest(): unable to flush cache
    major: Object cache
    minor: Unable to flush data from cache
  #013: H5F.c line 1763 in H5F_flush(): unable to flush metadata cache
    major: Object cache
    minor: Unable to flush data from cache
  #014: H5AC.c line 851 in H5AC_flush(): Can't flush cache.
    major: Object cache
    minor: Unable to flush data from cache
  #015: H5C.c line 1818 in H5C_flush_cache(): dirty pinned entry flush failed.
    major: Object cache
    minor: Unable to flush data from cache
  #016: H5C.c line 7753 in H5C_flush_single_entry(): unable to flush entry
    major: Object cache
    minor: Unable to flush data from cache
  #017: H5Fsuper_cache.c line 733 in H5F_sblock_flush(): unable to write superblock
    major: Low-level I/O
    minor: Write failed
  #018: H5FDint.c line 185 in H5FD_write(): driver write request failed
    major: Virtual File Layer
    minor: Write failed
  #019: H5FDsec2.c line 822 in H5FD_sec2_write(): file write failed: time = Mon Nov 17 07:55:40 2025
, filename = '/home/mattonim/psych_oajilore_chi_link/mattonim/rembrandt/data_hcp/14226/pfm/DistanceMatrixCortexOnly.mat', file descriptor = 788, errno = 122, error message = 'Disk quota exceeded', buf = 0x15549fff6580, total write size = 96, bytes this sub-write = 96, bytes actually written = 18446744073709551615, offset = 512
    major: Low-level I/O
    minor: Write failed
HDF5-DIAG: Error detected in HDF5 (1.8.12) thread 0:
  #000: H5Dio.c line 231 in H5Dwrite(): can't prepare for writing data
    major: Dataset
    minor: Write failed
  #001: H5Dio.c line 363 in H5D__pre_write(): can't write data
    major: Dataset
    minor: Write failed
  #002: H5Dio.c line 771 in H5D__write(): can't write data
    major: Dataset
    minor: Write failed
  #003: H5Dchunk.c line 1968 in H5D__chunk_write(): unable to read raw data chunk
    major: Low-level I/O
    minor: Read failed
  #004: H5Dchunk.c line 2953 in H5D__chunk_lock(): unable to preempt chunk(s) from cache
    major: Low-level I/O
    minor: Unable to initialize object
  #005: H5Dchunk.c line 2739 in H5D__chunk_cache_prune(): unable to preempt one or more raw data cache entry
    major: Low-level I/O
    minor: Unable to flush data from cache
  #006: H5Dchunk.c line 2606 in H5D__chunk_cache_evict(): cannot flush indexed storage buffer
    major: Low-level I/O
    minor: Write failed
  #007: H5Dchunk.c line 2534 in H5D__chunk_flush_entry(): unable to write raw data to file
    major: Dataset
    minor: Write failed
  #008: H5Fio.c line 158 in H5F_block_write(): write through metadata accumulator failed
    major: Low-level I/O
    minor: Write failed
  #009: H5Faccum.c line 816 in H5F_accum_write(): file write failed
    major: Low-level I/O
    minor: Write failed
  #010: H5FDint.c line 185 in H5FD_write(): driver write request failed
    major: Virtual File Layer
    minor: Write failed
  #011: H5FDsec2.c line 822 in H5FD_sec2_write(): file write failed: time = Mon Nov 17 07:56:53 2025
, filename = '/home/mattonim/psych_oajilore_chi_link/mattonim/rembrandt/data_hcp/14236/pfm/DistanceMatrixCortexOnly.mat', file descriptor = 788, errno = 122, error message = 'Disk quota exceeded', buf = 0x1551d6d0d0e0, total write size = 15239, bytes this sub-write = 15239, bytes actually written = 18446744073709551615, offset = 4528
    major: Low-level I/O
    minor: Write failed
HDF5-DIAG: Error detected in HDF5 (1.8.12) thread 0:
  #000: H5FDint.c line 185 in H5FD_write(): driver write request failed
    major: Virtual File Layer
    minor: Write failed
  #001: H5FDsec2.c line 822 in H5FD_sec2_write(): file write failed: time = Mon Nov 17 07:56:53 2025
, filename = '/home/mattonim/psych_oajilore_chi_link/mattonim/rembrandt/data_hcp/14236/pfm/DistanceMatrixCortexOnly.mat', file descriptor = 788, errno = 122, error message = 'Disk quota exceeded', buf = 0x1551dd3c85e0, total write size = 15528, bytes this sub-write = 15528, bytes actually written = 18446744073709551615, offset = 115370
    major: Low-level I/O
    minor: Write failed
  #002: H5Dchunk.c line 2534 in H5D__chunk_flush_entry(): unable to write raw data to file
    major: Dataset
    minor: Write failed
  #003: H5Fio.c line 158 in H5F_block_write(): write through metadata accumulator failed
    major: Low-level I/O
    minor: Write failed
  #004: H5Faccum.c line 816 in H5F_accum_write(): file write failed
    major: Low-level I/O
    minor: Write failed
  #005: H5FDint.c line 185 in H5FD_write(): driver write request failed
    major: Virtual File Layer
    minor: Write failed
  #006: H5FDsec2.c line 822 in H5FD_sec2_write(): file write failed: time = Mon Nov 17 07:56:53 2025
, filename = '/home/mattonim/psych_oajilore_chi_link/mattonim/rembrandt/data_hcp/14236/pfm/DistanceMatrixCortexOnly.mat', file descriptor = 788, errno = 122, error message = 'Disk quota exceeded', buf = 0x1551dd3c85e0, total write size = 16097, bytes this sub-write = 16097, bytes actually written = 18446744073709551615, offset = 99273
    major: Low-level I/O
    minor: Write failed
  #007: H5Dchunk.c line 2534 in H5D__chunk_flush_entry(): unable to write raw data to file
    major: Dataset
    minor: Write failed
  #008: H5Fio.c line 158 in H5F_block_write(): write through metadata accumulator failed
    major: Low-level I/O
    minor: Write failed
  #009: H5Faccum.c line 816 in H5F_accum_write(): file write failed
    major: Low-level I/O
    minor: Write failed
  #010: H5FDint.c line 185 in H5FD_write(): driver write request failed
    major: Virtual File Layer
    minor: Write failed
  #011: H5FDsec2.c line 822 in H5FD_sec2_write(): file write failed: time = Mon Nov 17 07:56:53 2025
, filename = '/home/mattonim/psych_oajilore_chi_link/mattonim/rembrandt/data_hcp/14236/pfm/DistanceMatrixCortexOnly.mat', file descriptor = 788, errno = 122, error message = 'Disk quota exceeded', buf = 0x1551dd3c85e0, total write size = 15759, bytes this sub-write = 15759, bytes actually written = 18446744073709551615, offset = 83514
    major: Low-level I/O
    minor: Write failed
  #012: H5Dchunk.c line 2534 in H5D__chunk_flush_entry(): unable to write raw data to file
    major: Dataset
    minor: Write failed
  #013: H5Fio.c line 158 in H5F_block_write(): write through metadata accumulator failed
    major: Low-level I/O
    minor: Write failed
  #014: H5Faccum.c line 816 in H5F_accum_write(): file write failed
    major: Low-level I/O
    minor: Write failed
  #015: H5FDint.c line 185 in H5FD_write(): driver write request failed
    major: Virtual File Layer
    minor: Write failed
  #016: H5FDsec2.c line 822 in H5FD_sec2_write(): file write failed: time = Mon Nov 17 07:56:53 2025
, filename = '/home/mattonim/psych_oajilore_chi_link/mattonim/rembrandt/data_hcp/14236/pfm/DistanceMatrixCortexOnly.mat', file descriptor = 788, errno = 122, error message = 'Disk quota exceeded', buf = 0x1551dd3c85e0, total write size = 15985, bytes this sub-write = 15985, bytes actually written = 18446744073709551615, offset = 67529
    major: Low-level I/O
    minor: Write failed
  #017: H5Dchunk.c line 2534 in H5D__chunk_flush_entry(): unable to write raw data to file
    major: Dataset
    minor: Write failed
  #018: H5Fio.c line 158 in H5F_block_write(): write through metadata accumulator failed
    major: Low-level I/O
    minor: Write failed
  #019: H5Faccum.c line 816 in H5F_accum_write(): file write failed
    major: Low-level I/O
    minor: Write failed
  #020: H5FDint.c line 185 in H5FD_write(): driver write request failed
    major: Virtual File Layer
    minor: Write failed
  #021: H5FDsec2.c line 822 in H5FD_sec2_write(): file write failed: time = Mon Nov 17 07:56:53 2025
, filename = '/home/mattonim/psych_oajilore_chi_link/mattonim/rembrandt/data_hcp/14236/pfm/DistanceMatrixCortexOnly.mat', file descriptor = 788, errno = 122, error message = 'Disk quota exceeded', buf = 0x1551dd3c85e0, total write size = 16070, bytes this sub-write = 16070, bytes actually written = 18446744073709551615, offset = 51459
    major: Low-level I/O
    minor: Write failed
  #022: H5Dchunk.c line 2534 in H5D__chunk_flush_entry(): unable to write raw data to file
    major: Dataset
    minor: Write failed
  #023: H5Fio.c line 158 in H5F_block_write(): write through metadata accumulator failed
    major: Low-level I/O
    minor: Write failed
  #024: H5Faccum.c line 816 in H5F_accum_write(): file write failed
    major: Low-level I/O
    minor: Write failed
  #025: H5FDint.c line 185 in H5FD_write(): driver write request failed
    major: Virtual File Layer
    minor: Write failed
  #026: H5FDsec2.c line 822 in H5FD_sec2_write(): file write failed: time = Mon Nov 17 07:56:53 2025
, filename = '/home/mattonim/psych_oajilore_chi_link/mattonim/rembrandt/data_hcp/14236/pfm/DistanceMatrixCortexOnly.mat', file descriptor = 788, errno = 122, error message = 'Disk quota exceeded', buf = 0x1551dd3c85e0, total write size = 16134, bytes this sub-write = 16134, bytes actually written = 18446744073709551615, offset = 35325
    major: Low-level I/O
    minor: Write failed
  #027: H5Dchunk.c line 2534 in H5D__chunk_flush_entry(): unable to write raw data to file
    major: Dataset
    minor: Write failed
  #028: H5Fio.c line 158 in H5F_block_write(): write through metadata accumulator failed
    major: Low-level I/O
    minor: Write failed
  #029: H5Faccum.c line 816 in H5F_accum_write(): file write failed
    major: Low-level I/O
    minor: Write failed
  #030: H5FDint.c line 185 in H5FD_write(): driver write request failed
    major: Virtual File Layer
    minor: Write failed
  #031: H5FDsec2.c line 822 in H5FD_sec2_write(): file write failed: time = Mon Nov 17 07:56:53 2025
, filename = '/home/mattonim/psych_oajilore_chi_link/mattonim/rembrandt/data_hcp/14236/pfm/DistanceMatrixCortexOnly.mat', file descriptor = 788, errno = 122, error message = 'Disk quota exceeded', buf = 0x1551d6d0d0e0, total write size = 15558, bytes this sub-write = 15558, bytes actually written = 18446744073709551615, offset = 19767
    major: Low-level I/O
    minor: Write failed
HDF5-DIAG: Error detected in HDF5 (1.8.12) thread 0:
  #000: H5F.c line 2061 in H5Fclose(): decrementing file ID failed
    major: Object atom
    minor: Unable to close file
  #001: H5I.c line 1479 in H5I_dec_app_ref(): can't decrement ID ref count
    major: Object atom
    minor: Unable to decrement reference count
  #002: H5F.c line 1838 in H5F_close(): can't close file
    major: File accessibilty
    minor: Unable to close file
  #003: H5F.c line 2000 in H5F_try_close(): problems closing file
    major: File accessibilty
    minor: Unable to close file
  #004: H5F.c line 1106 in H5F_dest(): problems closing file
    major: File accessibilty
    minor: Unable to release object
  #005: H5AC.c line 690 in H5AC_dest(): can't destroy cache
    major: Object cache
    minor: Unable to free object
  #006: H5C.c line 1405 in H5C_dest(): unable to flush cache
    major: Object cache
    minor: Unable to flush data from cache
  #007: H5C.c line 7292 in H5C_flush_invalidate_cache(): dirty entry flush destroy failed.
    major: Object cache
    minor: Unable to flush data from cache
  #008: H5C.c line 7753 in H5C_flush_single_entry(): unable to flush entry
    major: Object cache
    minor: Unable to flush data from cache
  #009: H5Fsuper_cache.c line 733 in H5F_sblock_flush(): unable to write superblock
    major: Low-level I/O
    minor: Write failed
  #010: H5FDint.c line 185 in H5FD_write(): driver write request failed
    major: Virtual File Layer
    minor: Write failed
  #011: H5FDsec2.c line 822 in H5FD_sec2_write(): file write failed: time = Mon Nov 17 07:56:54 2025
, filename = '/home/mattonim/psych_oajilore_chi_link/mattonim/rembrandt/data_hcp/14236/pfm/DistanceMatrixCortexOnly.mat', file descriptor = 788, errno = 122, error message = 'Disk quota exceeded', buf = 0x15549bff65b0, total write size = 96, bytes this sub-write = 96, bytes actually written = 18446744073709551615, offset = 512
    major: Low-level I/O
    minor: Write failed
  #012: H5F.c line 1069 in H5F_dest(): unable to flush cache
    major: Object cache
    minor: Unable to flush data from cache
  #013: H5F.c line 1763 in H5F_flush(): unable to flush metadata cache
    major: Object cache
    minor: Unable to flush data from cache
  #014: H5AC.c line 851 in H5AC_flush(): Can't flush cache.
    major: Object cache
    minor: Unable to flush data from cache
  #015: H5C.c line 1818 in H5C_flush_cache(): dirty pinned entry flush failed.
    major: Object cache
    minor: Unable to flush data from cache
  #016: H5C.c line 7753 in H5C_flush_single_entry(): unable to flush entry
    major: Object cache
    minor: Unable to flush data from cache
  #017: H5Fsuper_cache.c line 733 in H5F_sblock_flush(): unable to write superblock
    major: Low-level I/O
    minor: Write failed
  #018: H5FDint.c line 185 in H5FD_write(): driver write request failed
    major: Virtual File Layer
    minor: Write failed
  #019: H5FDsec2.c line 822 in H5FD_sec2_write(): file write failed: time = Mon Nov 17 07:56:54 2025
, filename = '/home/mattonim/psych_oajilore_chi_link/mattonim/rembrandt/data_hcp/14236/pfm/DistanceMatrixCortexOnly.mat', file descriptor = 788, errno = 122, error message = 'Disk quota exceeded', buf = 0x15549bff6580, total write size = 96, bytes this sub-write = 96, bytes actually written = 18446744073709551615, offset = 512
    major: Low-level I/O
    minor: Write failed
HDF5-DIAG: Error detected in HDF5 (1.8.12) thread 0:
  #000: H5Dio.c line 231 in H5Dwrite(): can't prepare for writing data
    major: Dataset
    minor: Write failed
  #001: H5Dio.c line 363 in H5D__pre_write(): can't write data
    major: Dataset
    minor: Write failed
  #002: H5Dio.c line 771 in H5D__write(): can't write data
    major: Dataset
    minor: Write failed
  #003: H5Dchunk.c line 1968 in H5D__chunk_write(): unable to read raw data chunk
    major: Low-level I/O
    minor: Read failed
  #004: H5Dchunk.c line 2953 in H5D__chunk_lock(): unable to preempt chunk(s) from cache
    major: Low-level I/O
    minor: Unable to initialize object
  #005: H5Dchunk.c line 2739 in H5D__chunk_cache_prune(): unable to preempt one or more raw data cache entry
    major: Low-level I/O
    minor: Unable to flush data from cache
  #006: H5Dchunk.c line 2606 in H5D__chunk_cache_evict(): cannot flush indexed storage buffer
    major: Low-level I/O
    minor: Write failed
  #007: H5Dchunk.c line 2534 in H5D__chunk_flush_entry(): unable to write raw data to file
    major: Dataset
    minor: Write failed
  #008: H5Fio.c line 158 in H5F_block_write(): write through metadata accumulator failed
    major: Low-level I/O
    minor: Write failed
  #009: H5Faccum.c line 816 in H5F_accum_write(): file write failed
    major: Low-level I/O
    minor: Write failed
  #010: H5FDint.c line 185 in H5FD_write(): driver write request failed
    major: Virtual File Layer
    minor: Write failed
  #011: H5FDsec2.c line 822 in H5FD_sec2_write(): file write failed: time = Mon Nov 17 08:37:50 2025
, filename = '/home/mattonim/psych_oajilore_chi_link/mattonim/rembrandt/data_hcp/14241/pfm/DistanceMatrixCortexOnly.mat', file descriptor = 788, errno = 122, error message = 'Disk quota exceeded', buf = 0x1551dad19110, total write size = 15322, bytes this sub-write = 15322, bytes actually written = 18446744073709551615, offset = 4528
    major: Low-level I/O
    minor: Write failed
HDF5-DIAG: Error detected in HDF5 (1.8.12) thread 0:
  #000: H5FDint.c line 185 in H5FD_write(): driver write request failed
    major: Virtual File Layer
    minor: Write failed
  #001: H5FDsec2.c line 822 in H5FD_sec2_write(): file write failed: time = Mon Nov 17 08:37:51 2025
, filename = '/home/mattonim/psych_oajilore_chi_link/mattonim/rembrandt/data_hcp/14241/pfm/DistanceMatrixCortexOnly.mat', file descriptor = 788, errno = 122, error message = 'Disk quota exceeded', buf = 0x1551e13d46d0, total write size = 15721, bytes this sub-write = 15721, bytes actually written = 18446744073709551615, offset = 115718
    major: Low-level I/O
    minor: Write failed
  #002: H5Dchunk.c line 2534 in H5D__chunk_flush_entry(): unable to write raw data to file
    major: Dataset
    minor: Write failed
  #003: H5Fio.c line 158 in H5F_block_write(): write through metadata accumulator failed
    major: Low-level I/O
    minor: Write failed
  #004: H5Faccum.c line 816 in H5F_accum_write(): file write failed
    major: Low-level I/O
    minor: Write failed
  #005: H5FDint.c line 185 in H5FD_write(): driver write request failed
    major: Virtual File Layer
    minor: Write failed
  #006: H5FDsec2.c line 822 in H5FD_sec2_write(): file write failed: time = Mon Nov 17 08:37:51 2025
, filename = '/home/mattonim/psych_oajilore_chi_link/mattonim/rembrandt/data_hcp/14241/pfm/DistanceMatrixCortexOnly.mat', file descriptor = 788, errno = 122, error message = 'Disk quota exceeded', buf = 0x1551e13d46d0, total write size = 16145, bytes this sub-write = 16145, bytes actually written = 18446744073709551615, offset = 99573
    major: Low-level I/O
    minor: Write failed
  #007: H5Dchunk.c line 2534 in H5D__chunk_flush_entry(): unable to write raw data to file
    major: Dataset
    minor: Write failed
  #008: H5Fio.c line 158 in H5F_block_write(): write through metadata accumulator failed
    major: Low-level I/O
    minor: Write failed
  #009: H5Faccum.c line 816 in H5F_accum_write(): file write failed
    major: Low-level I/O
    minor: Write failed
  #010: H5FDint.c line 185 in H5FD_write(): driver write request failed
    major: Virtual File Layer
    minor: Write failed
  #011: H5FDsec2.c line 822 in H5FD_sec2_write(): file write failed: time = Mon Nov 17 08:37:51 2025
, filename = '/home/mattonim/psych_oajilore_chi_link/mattonim/rembrandt/data_hcp/14241/pfm/DistanceMatrixCortexOnly.mat', file descriptor = 788, errno = 122, error message = 'Disk quota exceeded', buf = 0x1551e13d46d0, total write size = 15848, bytes this sub-write = 15848, bytes actually written = 18446744073709551615, offset = 83725
    major: Low-level I/O
    minor: Write failed
  #012: H5Dchunk.c line 2534 in H5D__chunk_flush_entry(): unable to write raw data to file
    major: Dataset
    minor: Write failed
  #013: H5Fio.c line 158 in H5F_block_write(): write through metadata accumulator failed
    major: Low-level I/O
    minor: Write failed
  #014: H5Faccum.c line 816 in H5F_accum_write(): file write failed
    major: Low-level I/O
    minor: Write failed
  #015: H5FDint.c line 185 in H5FD_write(): driver write request failed
    major: Virtual File Layer
    minor: Write failed
  #016: H5FDsec2.c line 822 in H5FD_sec2_write(): file write failed: time = Mon Nov 17 08:37:51 2025
, filename = '/home/mattonim/psych_oajilore_chi_link/mattonim/rembrandt/data_hcp/14241/pfm/DistanceMatrixCortexOnly.mat', file descriptor = 788, errno = 122, error message = 'Disk quota exceeded', buf = 0x1551e13d46d0, total write size = 16265, bytes this sub-write = 16265, bytes actually written = 18446744073709551615, offset = 67460
    major: Low-level I/O
    minor: Write failed
  #017: H5Dchunk.c line 2534 in H5D__chunk_flush_entry(): unable to write raw data to file
    major: Dataset
    minor: Write failed
  #018: H5Fio.c line 158 in H5F_block_write(): write through metadata accumulator failed
    major: Low-level I/O
    minor: Write failed
  #019: H5Faccum.c line 816 in H5F_accum_write(): file write failed
    major: Low-level I/O
    minor: Write failed
  #020: H5FDint.c line 185 in H5FD_write(): driver write request failed
    major: Virtual File Layer
    minor: Write failed
  #021: H5FDsec2.c line 822 in H5FD_sec2_write(): file write failed: time = Mon Nov 17 08:37:51 2025
, filename = '/home/mattonim/psych_oajilore_chi_link/mattonim/rembrandt/data_hcp/14241/pfm/DistanceMatrixCortexOnly.mat', file descriptor = 788, errno = 122, error message = 'Disk quota exceeded', buf = 0x1551e13d46d0, total write size = 15912, bytes this sub-write = 15912, bytes actually written = 18446744073709551615, offset = 51548
    major: Low-level I/O
    minor: Write failed
  #022: H5Dchunk.c line 2534 in H5D__chunk_flush_entry(): unable to write raw data to file
    major: Dataset
    minor: Write failed
  #023: H5Fio.c line 158 in H5F_block_write(): write through metadata accumulator failed
    major: Low-level I/O
    minor: Write failed
  #024: H5Faccum.c line 816 in H5F_accum_write(): file write failed
    major: Low-level I/O
    minor: Write failed
  #025: H5FDint.c line 185 in H5FD_write(): driver write request failed
    major: Virtual File Layer
    minor: Write failed
  #026: H5FDsec2.c line 822 in H5FD_sec2_write(): file write failed: time = Mon Nov 17 08:37:51 2025
, filename = '/home/mattonim/psych_oajilore_chi_link/mattonim/rembrandt/data_hcp/14241/pfm/DistanceMatrixCortexOnly.mat', file descriptor = 788, errno = 122, error message = 'Disk quota exceeded', buf = 0x1551e13d46d0, total write size = 16073, bytes this sub-write = 16073, bytes actually written = 18446744073709551615, offset = 35475
    major: Low-level I/O
    minor: Write failed
  #027: H5Dchunk.c line 2534 in H5D__chunk_flush_entry(): unable to write raw data to file
    major: Dataset
    minor: Write failed
  #028: H5Fio.c line 158 in H5F_block_write(): write through metadata accumulator failed
    major: Low-level I/O
    minor: Write failed
  #029: H5Faccum.c line 816 in H5F_accum_write(): file write failed
    major: Low-level I/O
    minor: Write failed
  #030: H5FDint.c line 185 in H5FD_write(): driver write request failed
    major: Virtual File Layer
    minor: Write failed
  #031: H5FDsec2.c line 822 in H5FD_sec2_write(): file write failed: time = Mon Nov 17 08:37:51 2025
, filename = '/home/mattonim/psych_oajilore_chi_link/mattonim/rembrandt/data_hcp/14241/pfm/DistanceMatrixCortexOnly.mat', file descriptor = 788, errno = 122, error message = 'Disk quota exceeded', buf = 0x1551dad19110, total write size = 15625, bytes this sub-write = 15625, bytes actually written = 18446744073709551615, offset = 19850
    major: Low-level I/O
    minor: Write failed
HDF5-DIAG: Error detected in HDF5 (1.8.12) thread 0:
  #000: H5F.c line 2061 in H5Fclose(): decrementing file ID failed
    major: Object atom
    minor: Unable to close file
  #001: H5I.c line 1479 in H5I_dec_app_ref(): can't decrement ID ref count
    major: Object atom
    minor: Unable to decrement reference count
  #002: H5F.c line 1838 in H5F_close(): can't close file
    major: File accessibilty
    minor: Unable to close file
  #003: H5F.c line 2000 in H5F_try_close(): problems closing file
    major: File accessibilty
    minor: Unable to close file
  #004: H5F.c line 1106 in H5F_dest(): problems closing file
    major: File accessibilty
    minor: Unable to release object
  #005: H5AC.c line 690 in H5AC_dest(): can't destroy cache
    major: Object cache
    minor: Unable to free object
  #006: H5C.c line 1405 in H5C_dest(): unable to flush cache
    major: Object cache
    minor: Unable to flush data from cache
  #007: H5C.c line 7292 in H5C_flush_invalidate_cache(): dirty entry flush destroy failed.
    major: Object cache
    minor: Unable to flush data from cache
  #008: H5C.c line 7753 in H5C_flush_single_entry(): unable to flush entry
    major: Object cache
    minor: Unable to flush data from cache
  #009: H5Fsuper_cache.c line 733 in H5F_sblock_flush(): unable to write superblock
    major: Low-level I/O
    minor: Write failed
  #010: H5FDint.c line 185 in H5FD_write(): driver write request failed
    major: Virtual File Layer
    minor: Write failed
  #011: H5FDsec2.c line 822 in H5FD_sec2_write(): file write failed: time = Mon Nov 17 08:37:51 2025
, filename = '/home/mattonim/psych_oajilore_chi_link/mattonim/rembrandt/data_hcp/14241/pfm/DistanceMatrixCortexOnly.mat', file descriptor = 788, errno = 122, error message = 'Disk quota exceeded', buf = 0x15549bff65b0, total write size = 96, bytes this sub-write = 96, bytes actually written = 18446744073709551615, offset = 512
    major: Low-level I/O
    minor: Write failed
  #012: H5F.c line 1069 in H5F_dest(): unable to flush cache
    major: Object cache
    minor: Unable to flush data from cache
  #013: H5F.c line 1763 in H5F_flush(): unable to flush metadata cache
    major: Object cache
    minor: Unable to flush data from cache
  #014: H5AC.c line 851 in H5AC_flush(): Can't flush cache.
    major: Object cache
    minor: Unable to flush data from cache
  #015: H5C.c line 1818 in H5C_flush_cache(): dirty pinned entry flush failed.
    major: Object cache
    minor: Unable to flush data from cache
  #016: H5C.c line 7753 in H5C_flush_single_entry(): unable to flush entry
    major: Object cache
    minor: Unable to flush data from cache
  #017: H5Fsuper_cache.c line 733 in H5F_sblock_flush(): unable to write superblock
    major: Low-level I/O
    minor: Write failed
  #018: H5FDint.c line 185 in H5FD_write(): driver write request failed
    major: Virtual File Layer
    minor: Write failed
  #019: H5FDsec2.c line 822 in H5FD_sec2_write(): file write failed: time = Mon Nov 17 08:37:51 2025
, filename = '/home/mattonim/psych_oajilore_chi_link/mattonim/rembrandt/data_hcp/14241/pfm/DistanceMatrixCortexOnly.mat', file descriptor = 788, errno = 122, error message = 'Disk quota exceeded', buf = 0x15549bff6580, total write size = 96, bytes this sub-write = 96, bytes actually written = 18446744073709551615, offset = 512
    major: Low-level I/O
    minor: Write failed
