Found 58 subjects
[Sat Nov 15 12:41:47 AM CST 2025] Starting subject: 003
[Sat Nov 15 12:41:47 AM CST 2025] Starting subject: 009
[Sat Nov 15 12:41:47 AM CST 2025] Starting subject: 008
[Sat Nov 15 12:41:47 AM CST 2025] Starting subject: 001
[Sat Nov 15 12:41:47 AM CST 2025] Starting subject: 002
[Sat Nov 15 12:41:47 AM CST 2025] Starting subject: 004
[Sat Nov 15 12:41:47 AM CST 2025] Starting subject: 007
[Sat Nov 15 12:41:47 AM CST 2025] Starting subject: 005
[Sat Nov 15 12:41:47 AM CST 2025] Starting subject: 010
[Sat Nov 15 12:41:47 AM CST 2025] Starting subject: 011
[Sat Nov 15 12:41:47 AM CST 2025] Starting subject: 012
[Sat Nov 15 12:41:47 AM CST 2025] Starting subject: 013
[Sat Nov 15 02:04:12 AM CST 2025] Completed subject: 007
[Sat Nov 15 02:04:12 AM CST 2025] Starting subject: 014
[Sat Nov 15 02:04:46 AM CST 2025] Completed subject: 003
[Sat Nov 15 02:04:46 AM CST 2025] Starting subject: 017
[Sat Nov 15 02:04:50 AM CST 2025] Completed subject: 013
[Sat Nov 15 02:04:50 AM CST 2025] Starting subject: 018
[Sat Nov 15 02:04:59 AM CST 2025] Completed subject: 008
[Sat Nov 15 02:04:59 AM CST 2025] Starting subject: 019
[Sat Nov 15 02:05:18 AM CST 2025] Completed subject: 011
[Sat Nov 15 02:05:18 AM CST 2025] Starting subject: 020
[Sat Nov 15 02:05:21 AM CST 2025] Completed subject: 001
[Sat Nov 15 02:05:21 AM CST 2025] Starting subject: 021
[Sat Nov 15 02:05:31 AM CST 2025] Completed subject: 005
[Sat Nov 15 02:05:31 AM CST 2025] Starting subject: 022
[Sat Nov 15 02:05:39 AM CST 2025] Completed subject: 004
[Sat Nov 15 02:05:39 AM CST 2025] Starting subject: 023
[Sat Nov 15 02:05:45 AM CST 2025] Completed subject: 010
[Sat Nov 15 02:05:45 AM CST 2025] Starting subject: 024
[Sat Nov 15 02:05:46 AM CST 2025] Completed subject: 012
[Sat Nov 15 02:05:46 AM CST 2025] Starting subject: 026
[Sat Nov 15 02:05:46 AM CST 2025] Completed subject: 002
[Sat Nov 15 02:05:46 AM CST 2025] Starting subject: 027
[Sat Nov 15 02:05:54 AM CST 2025] Completed subject: 009
[Sat Nov 15 02:05:55 AM CST 2025] Starting subject: 029
[Sat Nov 15 03:27:50 AM CST 2025] Completed subject: 014
[Sat Nov 15 03:27:50 AM CST 2025] Starting subject: 030
[Sat Nov 15 03:28:39 AM CST 2025] Completed subject: 020
[Sat Nov 15 03:28:39 AM CST 2025] Starting subject: 032
[Sat Nov 15 03:28:43 AM CST 2025] Completed subject: 017
[Sat Nov 15 03:28:43 AM CST 2025] Starting subject: 033
[Sat Nov 15 03:28:57 AM CST 2025] Completed subject: 023
[Sat Nov 15 03:28:57 AM CST 2025] Starting subject: 034
[Sat Nov 15 03:29:23 AM CST 2025] Completed subject: 018
[Sat Nov 15 03:29:23 AM CST 2025] Starting subject: 035
[Sat Nov 15 03:29:32 AM CST 2025] Completed subject: 024
[Sat Nov 15 03:29:32 AM CST 2025] Starting subject: 036
[Sat Nov 15 03:29:54 AM CST 2025] Completed subject: 019
[Sat Nov 15 03:29:54 AM CST 2025] Starting subject: 037
[Sat Nov 15 03:30:09 AM CST 2025] Completed subject: 027
[Sat Nov 15 03:30:09 AM CST 2025] Starting subject: 039
[Sat Nov 15 03:30:42 AM CST 2025] Completed subject: 026
[Sat Nov 15 03:30:42 AM CST 2025] Starting subject: 040
[Sat Nov 15 03:30:59 AM CST 2025] Completed subject: 029
[Sat Nov 15 03:30:59 AM CST 2025] Starting subject: 042
[Sat Nov 15 03:31:16 AM CST 2025] Completed subject: 021
[Sat Nov 15 03:31:16 AM CST 2025] Starting subject: 043
[Sat Nov 15 03:31:27 AM CST 2025] Completed subject: 022
[Sat Nov 15 03:31:27 AM CST 2025] Starting subject: 044
[Sat Nov 15 04:50:32 AM CST 2025] Completed subject: 030
[Sat Nov 15 04:50:32 AM CST 2025] Starting subject: 048
[Sat Nov 15 04:50:35 AM CST 2025] Completed subject: 033
[Sat Nov 15 04:50:35 AM CST 2025] Starting subject: 049
[Sat Nov 15 04:52:21 AM CST 2025] Completed subject: 036
[Sat Nov 15 04:52:21 AM CST 2025] Starting subject: 050
[Sat Nov 15 04:52:29 AM CST 2025] Completed subject: 034
[Sat Nov 15 04:52:29 AM CST 2025] Starting subject: 061
[Sat Nov 15 04:53:38 AM CST 2025] Completed subject: 037
[Sat Nov 15 04:53:38 AM CST 2025] Starting subject: 064
[Sat Nov 15 04:55:05 AM CST 2025] Completed subject: 032
[Sat Nov 15 04:55:05 AM CST 2025] Starting subject: 065
[Sat Nov 15 04:55:39 AM CST 2025] Completed subject: 044
[Sat Nov 15 04:55:39 AM CST 2025] Starting subject: 066
[Sat Nov 15 04:56:04 AM CST 2025] Completed subject: 039
[Sat Nov 15 04:56:04 AM CST 2025] Starting subject: 067
[Sat Nov 15 04:56:37 AM CST 2025] Completed subject: 035
[Sat Nov 15 04:56:37 AM CST 2025] Starting subject: 070
[Sat Nov 15 04:56:53 AM CST 2025] Completed subject: 042
[Sat Nov 15 04:56:53 AM CST 2025] Starting subject: 074
[Sat Nov 15 04:57:04 AM CST 2025] Completed subject: 040
[Sat Nov 15 04:57:04 AM CST 2025] Starting subject: 078
[Sat Nov 15 04:58:36 AM CST 2025] Completed subject: 043
[Sat Nov 15 04:58:36 AM CST 2025] Starting subject: 083
[Sat Nov 15 06:12:33 AM CST 2025] Completed subject: 048
[Sat Nov 15 06:12:33 AM CST 2025] Starting subject: 084
[Sat Nov 15 06:16:13 AM CST 2025] Completed subject: 049
[Sat Nov 15 06:16:13 AM CST 2025] Starting subject: 085
[Sat Nov 15 06:16:57 AM CST 2025] Completed subject: 061
[Sat Nov 15 06:16:57 AM CST 2025] Starting subject: 086
[Sat Nov 15 06:19:10 AM CST 2025] Completed subject: 050
[Sat Nov 15 06:19:10 AM CST 2025] Starting subject: 087
[Sat Nov 15 06:19:27 AM CST 2025] Completed subject: 064
[Sat Nov 15 06:19:27 AM CST 2025] Starting subject: 088
[Sat Nov 15 06:19:29 AM CST 2025] Completed subject: 065
[Sat Nov 15 06:19:29 AM CST 2025] Starting subject: 092
[Sat Nov 15 06:19:35 AM CST 2025] Completed subject: 074
[Sat Nov 15 06:19:35 AM CST 2025] Starting subject: 095
[Sat Nov 15 06:20:06 AM CST 2025] Completed subject: 070
[Sat Nov 15 06:20:06 AM CST 2025] Starting subject: 097
[Sat Nov 15 06:20:12 AM CST 2025] Completed subject: 066
[Sat Nov 15 06:20:12 AM CST 2025] Starting subject: 098
[Sat Nov 15 06:22:41 AM CST 2025] Completed subject: 067
[Sat Nov 15 06:22:41 AM CST 2025] Starting subject: 100
[Sat Nov 15 06:23:38 AM CST 2025] Completed subject: 078
[Sat Nov 15 06:23:56 AM CST 2025] Completed subject: 083
[Sat Nov 15 07:37:21 AM CST 2025] Completed subject: 084
[Sat Nov 15 07:39:56 AM CST 2025] Completed subject: 085
[Sat Nov 15 07:40:37 AM CST 2025] Completed subject: 086
[Sat Nov 15 07:42:26 AM CST 2025] Completed subject: 087
[Sat Nov 15 07:43:27 AM CST 2025] Completed subject: 097
[Sat Nov 15 07:43:46 AM CST 2025] Completed subject: 095
[Sat Nov 15 07:43:46 AM CST 2025] Completed subject: 098
[Sat Nov 15 07:45:04 AM CST 2025] Completed subject: 088
[Sat Nov 15 07:45:24 AM CST 2025] Completed subject: 092
[Sat Nov 15 07:47:47 AM CST 2025] Completed subject: 100
All subjects completed!
Found 71 subjects
[Sat Nov 15 07:47:47 AM CST 2025] Starting subject: 14011
[Sat Nov 15 07:47:47 AM CST 2025] Starting subject: 14027
[Sat Nov 15 07:47:47 AM CST 2025] Starting subject: 14017
[Sat Nov 15 07:47:47 AM CST 2025] Starting subject: 14006
[Sat Nov 15 07:47:47 AM CST 2025] Starting subject: 14008
[Sat Nov 15 07:47:47 AM CST 2025] Starting subject: 14041
[Sat Nov 15 07:47:47 AM CST 2025] Starting subject: 14044
[Sat Nov 15 07:47:47 AM CST 2025] Starting subject: 14013
[Sat Nov 15 07:47:47 AM CST 2025] Starting subject: 14031
[Sat Nov 15 07:47:47 AM CST 2025] Starting subject: 14054
[Sat Nov 15 07:47:47 AM CST 2025] Starting subject: 14057
[Sat Nov 15 07:47:47 AM CST 2025] Starting subject: 14063
[Sat Nov 15 09:10:17 AM CST 2025] Completed subject: 14063
[Sat Nov 15 09:10:17 AM CST 2025] Starting subject: 14064
[Sat Nov 15 09:10:44 AM CST 2025] Completed subject: 14013
[Sat Nov 15 09:10:44 AM CST 2025] Starting subject: 14076
[Sat Nov 15 09:11:02 AM CST 2025] Completed subject: 14031
[Sat Nov 15 09:11:02 AM CST 2025] Starting subject: 14079
[Sat Nov 15 09:11:15 AM CST 2025] Completed subject: 14057
[Sat Nov 15 09:11:15 AM CST 2025] Starting subject: 14080
[Sat Nov 15 09:11:43 AM CST 2025] Completed subject: 14017
[Sat Nov 15 09:11:43 AM CST 2025] Starting subject: 14083
[Sat Nov 15 09:12:11 AM CST 2025] Completed subject: 14041
[Sat Nov 15 09:12:11 AM CST 2025] Starting subject: 14087
[Sat Nov 15 09:12:52 AM CST 2025] Completed subject: 14027
[Sat Nov 15 09:12:52 AM CST 2025] Starting subject: 14092
[Sat Nov 15 09:13:47 AM CST 2025] Completed subject: 14044
[Sat Nov 15 09:13:47 AM CST 2025] Starting subject: 14094
[Sat Nov 15 09:14:27 AM CST 2025] Completed subject: 14054
[Sat Nov 15 09:14:27 AM CST 2025] Starting subject: 14098
[Sat Nov 15 09:14:50 AM CST 2025] Completed subject: 14011
[Sat Nov 15 09:14:50 AM CST 2025] Starting subject: 14099
[Sat Nov 15 09:14:55 AM CST 2025] Completed subject: 14008
[Sat Nov 15 09:14:55 AM CST 2025] Starting subject: 14101
[Sat Nov 15 09:15:07 AM CST 2025] Completed subject: 14006
[Sat Nov 15 09:15:07 AM CST 2025] Starting subject: 14110
[Sat Nov 15 10:33:29 AM CST 2025] Completed subject: 14079
[Sat Nov 15 10:33:29 AM CST 2025] Starting subject: 14112
[Sat Nov 15 10:35:00 AM CST 2025] Completed subject: 14083
[Sat Nov 15 10:35:00 AM CST 2025] Starting subject: 14115
[Sat Nov 15 10:35:34 AM CST 2025] Completed subject: 14087
[Sat Nov 15 10:35:34 AM CST 2025] Starting subject: 14118
[Sat Nov 15 10:35:35 AM CST 2025] Completed subject: 14064
[Sat Nov 15 10:35:35 AM CST 2025] Starting subject: 14120
[Sat Nov 15 10:36:00 AM CST 2025] Completed subject: 14076
[Sat Nov 15 10:36:01 AM CST 2025] Starting subject: 14125
[Sat Nov 15 10:36:44 AM CST 2025] Completed subject: 14098
[Sat Nov 15 10:36:44 AM CST 2025] Starting subject: 14129
[Sat Nov 15 10:36:45 AM CST 2025] Completed subject: 14080
[Sat Nov 15 10:36:45 AM CST 2025] Starting subject: 14132
[Sat Nov 15 10:37:36 AM CST 2025] Completed subject: 14092
[Sat Nov 15 10:37:36 AM CST 2025] Starting subject: 14134
[Sat Nov 15 10:38:06 AM CST 2025] Completed subject: 14101
[Sat Nov 15 10:38:06 AM CST 2025] Starting subject: 14136
[Sat Nov 15 10:38:55 AM CST 2025] Completed subject: 14110
[Sat Nov 15 10:38:55 AM CST 2025] Starting subject: 14137
[Sat Nov 15 10:39:32 AM CST 2025] Completed subject: 14099
[Sat Nov 15 10:39:32 AM CST 2025] Starting subject: 14145
[Sat Nov 15 10:40:34 AM CST 2025] Completed subject: 14094
[Sat Nov 15 10:40:34 AM CST 2025] Starting subject: 14148
[Sat Nov 15 11:54:18 AM CST 2025] Completed subject: 14112
[Sat Nov 15 11:54:18 AM CST 2025] Starting subject: 14164
[Sat Nov 15 11:57:34 AM CST 2025] Completed subject: 14120
[Sat Nov 15 11:57:34 AM CST 2025] Starting subject: 14168
[Sat Nov 15 11:59:21 AM CST 2025] Completed subject: 14132
[Sat Nov 15 11:59:21 AM CST 2025] Starting subject: 14171
[Sat Nov 15 11:59:34 AM CST 2025] Completed subject: 14115
[Sat Nov 15 11:59:34 AM CST 2025] Starting subject: 14172
[Sat Nov 15 12:00:23 PM CST 2025] Completed subject: 14125
[Sat Nov 15 12:00:23 PM CST 2025] Starting subject: 14174
[Sat Nov 15 12:00:25 PM CST 2025] Completed subject: 14118
[Sat Nov 15 12:00:25 PM CST 2025] Starting subject: 14180
[Sat Nov 15 12:00:44 PM CST 2025] Completed subject: 14136
[Sat Nov 15 12:00:44 PM CST 2025] Starting subject: 14181
[Sat Nov 15 12:01:13 PM CST 2025] Completed subject: 14137
[Sat Nov 15 12:01:13 PM CST 2025] Starting subject: 14185
[Sat Nov 15 12:02:15 PM CST 2025] Completed subject: 14134
[Sat Nov 15 12:02:15 PM CST 2025] Starting subject: 14187
[Sat Nov 15 12:02:17 PM CST 2025] Completed subject: 14129
[Sat Nov 15 12:02:17 PM CST 2025] Starting subject: 14202
[Sat Nov 15 12:03:22 PM CST 2025] Completed subject: 14145
[Sat Nov 15 12:03:22 PM CST 2025] Starting subject: 14205
[Sat Nov 15 12:03:32 PM CST 2025] Completed subject: 14148
[Sat Nov 15 12:03:32 PM CST 2025] Starting subject: 14206
[Sat Nov 15 01:16:28 PM CST 2025] Completed subject: 14164
[Sat Nov 15 01:16:28 PM CST 2025] Starting subject: 14210
[Sat Nov 15 01:20:42 PM CST 2025] Completed subject: 14172
[Sat Nov 15 01:20:42 PM CST 2025] Starting subject: 14211
[Sat Nov 15 01:21:47 PM CST 2025] Completed subject: 14168
[Sat Nov 15 01:21:47 PM CST 2025] Starting subject: 14213
[Sat Nov 15 01:22:22 PM CST 2025] Completed subject: 14174
[Sat Nov 15 01:22:22 PM CST 2025] Starting subject: 14226
[Sat Nov 15 01:23:47 PM CST 2025] Completed subject: 14171
[Sat Nov 15 01:23:47 PM CST 2025] Starting subject: 14236
[Sat Nov 15 01:23:57 PM CST 2025] Completed subject: 14185
[Sat Nov 15 01:23:57 PM CST 2025] Starting subject: 14241
[Sat Nov 15 01:24:40 PM CST 2025] Completed subject: 14181
[Sat Nov 15 01:24:40 PM CST 2025] Starting subject: 14245
[Sat Nov 15 01:25:34 PM CST 2025] Completed subject: 14180
[Sat Nov 15 01:25:34 PM CST 2025] Starting subject: 14249
[Sat Nov 15 01:26:25 PM CST 2025] Completed subject: 14187
[Sat Nov 15 01:26:25 PM CST 2025] Starting subject: 14251
[Sat Nov 15 01:26:27 PM CST 2025] Completed subject: 14205
[Sat Nov 15 01:26:27 PM CST 2025] Starting subject: 14255
[Sat Nov 15 01:26:44 PM CST 2025] Completed subject: 14202
[Sat Nov 15 01:26:44 PM CST 2025] Starting subject: 14265
[Sat Nov 15 01:28:52 PM CST 2025] Completed subject: 14206
[Sat Nov 15 01:28:52 PM CST 2025] Starting subject: 14284
[Sat Nov 15 02:41:06 PM CST 2025] Completed subject: 14210
[Sat Nov 15 02:41:06 PM CST 2025] Starting subject: 14285
[Sat Nov 15 02:45:24 PM CST 2025] Completed subject: 14226
[Sat Nov 15 02:45:24 PM CST 2025] Starting subject: 14294
[Sat Nov 15 02:45:56 PM CST 2025] Completed subject: 14213
[Sat Nov 15 02:45:56 PM CST 2025] Starting subject: 14295
[Sat Nov 15 02:46:04 PM CST 2025] Completed subject: 14211
[Sat Nov 15 02:46:04 PM CST 2025] Starting subject: 14303
[Sat Nov 15 02:47:18 PM CST 2025] Completed subject: 14236
[Sat Nov 15 02:47:18 PM CST 2025] Starting subject: 14312
[Sat Nov 15 02:47:30 PM CST 2025] Completed subject: 14245
[Sat Nov 15 02:47:30 PM CST 2025] Starting subject: 14316
[Sat Nov 15 02:47:52 PM CST 2025] Completed subject: 14241
[Sat Nov 15 02:47:52 PM CST 2025] Starting subject: 14319
[Sat Nov 15 02:49:08 PM CST 2025] Completed subject: 14249
[Sat Nov 15 02:49:08 PM CST 2025] Starting subject: 14322
[Sat Nov 15 02:49:16 PM CST 2025] Completed subject: 14251
[Sat Nov 15 02:49:16 PM CST 2025] Starting subject: 14328
[Sat Nov 15 02:49:54 PM CST 2025] Completed subject: 14255
[Sat Nov 15 02:49:54 PM CST 2025] Starting subject: 14333
[Sat Nov 15 02:51:59 PM CST 2025] Completed subject: 14265
[Sat Nov 15 02:52:00 PM CST 2025] Starting subject: 14336
[Sat Nov 15 02:52:03 PM CST 2025] Completed subject: 14336
[Sat Nov 15 02:53:21 PM CST 2025] Completed subject: 14284
[Sat Nov 15 04:03:20 PM CST 2025] Completed subject: 14285
[Sat Nov 15 04:07:56 PM CST 2025] Completed subject: 14295
[Sat Nov 15 04:09:26 PM CST 2025] Completed subject: 14294
[Sat Nov 15 04:09:27 PM CST 2025] Completed subject: 14316
[Sat Nov 15 04:11:06 PM CST 2025] Completed subject: 14303
[Sat Nov 15 04:11:27 PM CST 2025] Completed subject: 14312
[Sat Nov 15 04:11:30 PM CST 2025] Completed subject: 14328
[Sat Nov 15 04:12:12 PM CST 2025] Completed subject: 14322
[Sat Nov 15 04:12:21 PM CST 2025] Completed subject: 14319
[Sat Nov 15 04:14:40 PM CST 2025] Completed subject: 14333
All subjects completed!
Found 60 subjects
[Sat Nov 15 04:14:40 PM CST 2025] Starting subject: 28034
[Sat Nov 15 04:14:40 PM CST 2025] Starting subject: 28096
[Sat Nov 15 04:14:40 PM CST 2025] Starting subject: 28003
[Sat Nov 15 04:14:40 PM CST 2025] Starting subject: 28129
[Sat Nov 15 04:14:40 PM CST 2025] Starting subject: 28001
[Sat Nov 15 04:14:40 PM CST 2025] Starting subject: 28004
[Sat Nov 15 04:14:40 PM CST 2025] Starting subject: 28043
[Sat Nov 15 04:14:40 PM CST 2025] Starting subject: 28132
[Sat Nov 15 04:14:40 PM CST 2025] Starting subject: 27999
[Sat Nov 15 04:14:40 PM CST 2025] Starting subject: 28146
[Sat Nov 15 04:14:40 PM CST 2025] Starting subject: 28167
[Sat Nov 15 04:14:40 PM CST 2025] Starting subject: 28176
[Sat Nov 15 05:36:15 PM CST 2025] Completed subject: 28176
[Sat Nov 15 05:36:15 PM CST 2025] Starting subject: 28177
[Sat Nov 15 05:36:44 PM CST 2025] Completed subject: 28146
[Sat Nov 15 05:36:44 PM CST 2025] Starting subject: 28178
[Sat Nov 15 05:37:30 PM CST 2025] Completed subject: 28003
[Sat Nov 15 05:37:30 PM CST 2025] Starting subject: 28265
[Sat Nov 15 05:37:41 PM CST 2025] Completed subject: 28034
[Sat Nov 15 05:37:41 PM CST 2025] Starting subject: 28275
[Sat Nov 15 05:37:43 PM CST 2025] Completed subject: 27999
[Sat Nov 15 05:37:43 PM CST 2025] Starting subject: 28279
[Sat Nov 15 05:37:50 PM CST 2025] Completed subject: 28001
[Sat Nov 15 05:37:51 PM CST 2025] Starting subject: 28280
[Sat Nov 15 05:37:57 PM CST 2025] Completed subject: 28096
[Sat Nov 15 05:37:57 PM CST 2025] Starting subject: 28281
[Sat Nov 15 05:38:10 PM CST 2025] Completed subject: 28043
[Sat Nov 15 05:38:10 PM CST 2025] Starting subject: 28282
[Sat Nov 15 05:38:35 PM CST 2025] Completed subject: 28167
[Sat Nov 15 05:38:35 PM CST 2025] Starting subject: 28284
[Sat Nov 15 05:38:53 PM CST 2025] Completed subject: 28004
[Sat Nov 15 05:38:53 PM CST 2025] Starting subject: 28289
[Sat Nov 15 05:39:01 PM CST 2025] Completed subject: 28132
[Sat Nov 15 05:39:01 PM CST 2025] Starting subject: 28291
[Sat Nov 15 05:39:03 PM CST 2025] Completed subject: 28129
[Sat Nov 15 05:39:03 PM CST 2025] Starting subject: 28292
[Sat Nov 15 06:59:20 PM CST 2025] Completed subject: 28177
[Sat Nov 15 06:59:20 PM CST 2025] Starting subject: 28297
[Sat Nov 15 06:59:41 PM CST 2025] Completed subject: 28265
[Sat Nov 15 06:59:41 PM CST 2025] Starting subject: 28299
[Sat Nov 15 07:00:14 PM CST 2025] Completed subject: 28284
[Sat Nov 15 07:00:14 PM CST 2025] Starting subject: 28307
[Sat Nov 15 07:00:35 PM CST 2025] Completed subject: 28279
[Sat Nov 15 07:00:35 PM CST 2025] Starting subject: 28308
[Sat Nov 15 07:00:48 PM CST 2025] Completed subject: 28282
[Sat Nov 15 07:00:48 PM CST 2025] Starting subject: 28312
[Sat Nov 15 07:00:50 PM CST 2025] Completed subject: 28281
[Sat Nov 15 07:00:50 PM CST 2025] Starting subject: 28315
[Sat Nov 15 07:01:12 PM CST 2025] Completed subject: 28178
[Sat Nov 15 07:01:12 PM CST 2025] Starting subject: 28318
[Sat Nov 15 07:01:22 PM CST 2025] Completed subject: 28292
[Sat Nov 15 07:01:22 PM CST 2025] Starting subject: 28320
[Sat Nov 15 07:01:33 PM CST 2025] Completed subject: 28280
[Sat Nov 15 07:01:33 PM CST 2025] Starting subject: 28323
[Sat Nov 15 07:01:39 PM CST 2025] Completed subject: 28275
[Sat Nov 15 07:01:39 PM CST 2025] Starting subject: 28326
[Sat Nov 15 07:01:50 PM CST 2025] Completed subject: 28291
[Sat Nov 15 07:01:50 PM CST 2025] Starting subject: 28330
[Sat Nov 15 07:01:50 PM CST 2025] Completed subject: 28289
[Sat Nov 15 07:01:51 PM CST 2025] Starting subject: 28331
[Sat Nov 15 08:22:17 PM CST 2025] Completed subject: 28297
[Sat Nov 15 08:22:17 PM CST 2025] Starting subject: 28332
[Sat Nov 15 08:22:23 PM CST 2025] Completed subject: 28307
[Sat Nov 15 08:22:23 PM CST 2025] Starting subject: 28334
[Sat Nov 15 08:23:19 PM CST 2025] Completed subject: 28326
[Sat Nov 15 08:23:19 PM CST 2025] Starting subject: 28335
[Sat Nov 15 08:23:30 PM CST 2025] Completed subject: 28308
[Sat Nov 15 08:23:30 PM CST 2025] Starting subject: 28339
[Sat Nov 15 08:24:02 PM CST 2025] Completed subject: 28299
[Sat Nov 15 08:24:02 PM CST 2025] Starting subject: 28346
[Sat Nov 15 08:24:02 PM CST 2025] Completed subject: 28315
[Sat Nov 15 08:24:02 PM CST 2025] Starting subject: 28348
[Sat Nov 15 08:24:42 PM CST 2025] Completed subject: 28312
[Sat Nov 15 08:24:42 PM CST 2025] Starting subject: 28349
[Sat Nov 15 08:24:42 PM CST 2025] Completed subject: 28320
[Sat Nov 15 08:24:42 PM CST 2025] Starting subject: 28354
[Sat Nov 15 08:24:45 PM CST 2025] Completed subject: 28323
[Sat Nov 15 08:24:45 PM CST 2025] Starting subject: 28356
[Sat Nov 15 08:25:02 PM CST 2025] Completed subject: 28331
[Sat Nov 15 08:25:02 PM CST 2025] Starting subject: 28360
[Sat Nov 15 08:25:12 PM CST 2025] Completed subject: 28330
[Sat Nov 15 08:25:12 PM CST 2025] Starting subject: 28367
[Sat Nov 15 08:25:25 PM CST 2025] Completed subject: 28318
[Sat Nov 15 08:25:25 PM CST 2025] Starting subject: 28368
[Sat Nov 15 09:43:44 PM CST 2025] Completed subject: 28332
[Sat Nov 15 09:43:44 PM CST 2025] Starting subject: 28371
[Sat Nov 15 09:45:40 PM CST 2025] Completed subject: 28334
[Sat Nov 15 09:45:40 PM CST 2025] Starting subject: 28376
[Sat Nov 15 09:46:06 PM CST 2025] Completed subject: 28339
[Sat Nov 15 09:46:06 PM CST 2025] Starting subject: 28391
[Sat Nov 15 09:46:15 PM CST 2025] Completed subject: 28348
[Sat Nov 15 09:46:15 PM CST 2025] Starting subject: 28397
[Sat Nov 15 09:47:24 PM CST 2025] Completed subject: 28368
[Sat Nov 15 09:47:24 PM CST 2025] Starting subject: 28402
[Sat Nov 15 09:47:24 PM CST 2025] Completed subject: 28335
[Sat Nov 15 09:47:24 PM CST 2025] Starting subject: 28409
[Sat Nov 15 09:47:35 PM CST 2025] Completed subject: 28367
[Sat Nov 15 09:47:35 PM CST 2025] Starting subject: 28410
[Sat Nov 15 09:47:41 PM CST 2025] Completed subject: 28346
[Sat Nov 15 09:47:41 PM CST 2025] Starting subject: 28412
[Sat Nov 15 09:47:51 PM CST 2025] Completed subject: 28354
[Sat Nov 15 09:47:51 PM CST 2025] Starting subject: 28413
[Sat Nov 15 09:48:13 PM CST 2025] Completed subject: 28349
[Sat Nov 15 09:48:13 PM CST 2025] Starting subject: 28417
[Sat Nov 15 09:48:43 PM CST 2025] Completed subject: 28360
[Sat Nov 15 09:48:43 PM CST 2025] Starting subject: 28419
[Sat Nov 15 09:48:50 PM CST 2025] Completed subject: 28356
[Sat Nov 15 09:48:50 PM CST 2025] Starting subject: 28421
[Sat Nov 15 11:07:07 PM CST 2025] Completed subject: 28371
[Sat Nov 15 11:08:59 PM CST 2025] Completed subject: 28402
[Sat Nov 15 11:09:06 PM CST 2025] Completed subject: 28376
[Sat Nov 15 11:09:46 PM CST 2025] Completed subject: 28391
[Sat Nov 15 11:10:44 PM CST 2025] Completed subject: 28410
[Sat Nov 15 11:11:06 PM CST 2025] Completed subject: 28417
[Sat Nov 15 11:11:20 PM CST 2025] Completed subject: 28397
[Sat Nov 15 11:11:21 PM CST 2025] Completed subject: 28409
[Sat Nov 15 11:11:42 PM CST 2025] Completed subject: 28413
[Sat Nov 15 11:11:51 PM CST 2025] Completed subject: 28412
[Sat Nov 15 11:11:57 PM CST 2025] Completed subject: 28421
[Sat Nov 15 11:12:05 PM CST 2025] Completed subject: 28419
All subjects completed!
